{"/home/travis/build/npmtest/node-npmtest-rabbot/test.js":{"path":"/home/travis/build/npmtest/node-npmtest-rabbot/test.js","s":{"1":2,"2":2,"3":2,"4":2,"5":2,"6":2,"7":2,"8":1,"9":2,"10":2,"11":1,"12":1,"13":1,"14":1,"15":2,"16":2,"17":2,"18":2,"19":1,"20":1,"21":2,"22":2,"23":2,"24":1,"25":1,"26":1,"27":1,"28":1,"29":1,"30":1,"31":1,"32":1,"33":1,"34":1,"35":1,"36":1,"37":1,"38":1,"39":2,"40":2,"41":1,"42":2,"43":2,"44":1,"45":2,"46":2,"47":1,"48":2,"49":2,"50":1,"51":1,"52":1,"53":1,"54":1},"b":{"1":[2,1,1,1],"2":[1,1,1,1],"3":[1,1],"4":[1,1],"5":[1,1],"6":[1,1],"7":[1,1],"8":[1,1],"9":[1,1],"10":[1,1,1],"11":[1,1],"12":[1,1],"13":[1,1],"14":[1,1],"15":[1,1],"16":[1,1],"17":[1,1]},"f":{"1":2,"2":2,"3":2,"4":2,"5":2,"6":1,"7":1,"8":1,"9":2,"10":2,"11":2,"12":2,"13":1},"fnMap":{"1":{"name":"(anonymous_1)","line":12,"loc":{"start":{"line":12,"column":1},"end":{"line":12,"column":13}}},"2":{"name":"(anonymous_2)","line":19,"loc":{"start":{"line":19,"column":5},"end":{"line":19,"column":17}}},"3":{"name":"(anonymous_3)","line":23,"loc":{"start":{"line":23,"column":24},"end":{"line":23,"column":36}}},"4":{"name":"(anonymous_4)","line":61,"loc":{"start":{"line":61,"column":5},"end":{"line":61,"column":17}}},"5":{"name":"(anonymous_5)","line":82,"loc":{"start":{"line":82,"column":5},"end":{"line":82,"column":17}}},"6":{"name":"(anonymous_6)","line":91,"loc":{"start":{"line":91,"column":77},"end":{"line":94,"column":10}}},"7":{"name":"(anonymous_7)","line":112,"loc":{"start":{"line":112,"column":83},"end":{"line":115,"column":10}},"skip":true},"8":{"name":"(anonymous_8)","line":123,"loc":{"start":{"line":123,"column":77},"end":{"line":126,"column":10}},"skip":true},"9":{"name":"(anonymous_9)","line":139,"loc":{"start":{"line":139,"column":12},"end":{"line":139,"column":40}},"skip":true},"10":{"name":"(anonymous_10)","line":147,"loc":{"start":{"line":147,"column":77},"end":{"line":150,"column":10}},"skip":true},"11":{"name":"(anonymous_11)","line":158,"loc":{"start":{"line":158,"column":83},"end":{"line":161,"column":10}},"skip":true},"12":{"name":"(anonymous_12)","line":169,"loc":{"start":{"line":169,"column":79},"end":{"line":172,"column":10}},"skip":true},"13":{"name":"(anonymous_13)","line":180,"loc":{"start":{"line":180,"column":75},"end":{"line":183,"column":10}},"skip":true}},"statementMap":{"1":{"start":{"line":12,"column":0},"end":{"line":195,"column":5}},"2":{"start":{"line":14,"column":4},"end":{"line":14,"column":14}},"3":{"start":{"line":19,"column":4},"end":{"line":56,"column":9}},"4":{"start":{"line":21,"column":8},"end":{"line":21,"column":19}},"5":{"start":{"line":23,"column":8},"end":{"line":35,"column":13}},"6":{"start":{"line":24,"column":12},"end":{"line":34,"column":13}},"7":{"start":{"line":25,"column":16},"end":{"line":28,"column":30}},"8":{"start":{"line":30,"column":16},"end":{"line":33,"column":27}},"9":{"start":{"line":37,"column":8},"end":{"line":39,"column":21}},"10":{"start":{"line":40,"column":8},"end":{"line":53,"column":9}},"11":{"start":{"line":43,"column":12},"end":{"line":46,"column":14}},"12":{"start":{"line":47,"column":12},"end":{"line":47,"column":18}},"13":{"start":{"line":50,"column":12},"end":{"line":51,"column":33}},"14":{"start":{"line":52,"column":12},"end":{"line":52,"column":18}},"15":{"start":{"line":55,"column":8},"end":{"line":55,"column":35}},"16":{"start":{"line":61,"column":4},"end":{"line":63,"column":9}},"17":{"start":{"line":62,"column":8},"end":{"line":62,"column":15}},"18":{"start":{"line":64,"column":4},"end":{"line":77,"column":5}},"19":{"start":{"line":70,"column":8},"end":{"line":70,"column":14}},"20":{"start":{"line":76,"column":8},"end":{"line":76,"column":14}},"21":{"start":{"line":82,"column":4},"end":{"line":84,"column":9}},"22":{"start":{"line":83,"column":8},"end":{"line":83,"column":15}},"23":{"start":{"line":85,"column":4},"end":{"line":194,"column":5}},"24":{"start":{"line":91,"column":8},"end":{"line":99,"column":10}},"25":{"start":{"line":98,"column":12},"end":{"line":98,"column":35}},"26":{"start":{"line":102,"column":8},"end":{"line":104,"column":63}},"27":{"start":{"line":105,"column":8},"end":{"line":105,"column":14}},"28":{"start":{"line":112,"column":8},"end":{"line":121,"column":10},"skip":true},"29":{"start":{"line":119,"column":12},"end":{"line":119,"column":55},"skip":true},"30":{"start":{"line":120,"column":12},"end":{"line":120,"column":48},"skip":true},"31":{"start":{"line":123,"column":8},"end":{"line":136,"column":10},"skip":true},"32":{"start":{"line":130,"column":12},"end":{"line":130,"column":76},"skip":true},"33":{"start":{"line":131,"column":12},"end":{"line":131,"column":73},"skip":true},"34":{"start":{"line":132,"column":12},"end":{"line":132,"column":74},"skip":true},"35":{"start":{"line":133,"column":12},"end":{"line":133,"column":79},"skip":true},"36":{"start":{"line":134,"column":12},"end":{"line":134,"column":25},"skip":true},"37":{"start":{"line":135,"column":12},"end":{"line":135,"column":45},"skip":true},"38":{"start":{"line":138,"column":8},"end":{"line":145,"column":14},"skip":true},"39":{"start":{"line":143,"column":16},"end":{"line":143,"column":29},"skip":true},"40":{"start":{"line":144,"column":16},"end":{"line":144,"column":55},"skip":true},"41":{"start":{"line":147,"column":8},"end":{"line":156,"column":10},"skip":true},"42":{"start":{"line":154,"column":12},"end":{"line":154,"column":25},"skip":true},"43":{"start":{"line":155,"column":12},"end":{"line":155,"column":45},"skip":true},"44":{"start":{"line":158,"column":8},"end":{"line":167,"column":10},"skip":true},"45":{"start":{"line":165,"column":12},"end":{"line":165,"column":25},"skip":true},"46":{"start":{"line":166,"column":12},"end":{"line":166,"column":48},"skip":true},"47":{"start":{"line":169,"column":8},"end":{"line":178,"column":10},"skip":true},"48":{"start":{"line":176,"column":12},"end":{"line":176,"column":25},"skip":true},"49":{"start":{"line":177,"column":12},"end":{"line":177,"column":46},"skip":true},"50":{"start":{"line":180,"column":8},"end":{"line":189,"column":10},"skip":true},"51":{"start":{"line":187,"column":12},"end":{"line":187,"column":94},"skip":true},"52":{"start":{"line":188,"column":12},"end":{"line":188,"column":48},"skip":true},"53":{"start":{"line":192,"column":8},"end":{"line":192,"column":35},"skip":true},"54":{"start":{"line":193,"column":8},"end":{"line":193,"column":14},"skip":true}},"branchMap":{"1":{"line":25,"type":"binary-expr","locations":[{"start":{"line":25,"column":23},"end":{"line":25,"column":62}},{"start":{"line":26,"column":20},"end":{"line":26,"column":70}},{"start":{"line":27,"column":20},"end":{"line":27,"column":71}},{"start":{"line":28,"column":20},"end":{"line":28,"column":29}}]},"2":{"line":30,"type":"binary-expr","locations":[{"start":{"line":30,"column":23},"end":{"line":30,"column":37}},{"start":{"line":31,"column":20},"end":{"line":31,"column":61}},{"start":{"line":32,"column":20},"end":{"line":32,"column":70}},{"start":{"line":33,"column":20},"end":{"line":33,"column":26}}]},"3":{"line":37,"type":"cond-expr","locations":[{"start":{"line":38,"column":14},"end":{"line":38,"column":20}},{"start":{"line":39,"column":14},"end":{"line":39,"column":20}}]},"4":{"line":40,"type":"switch","locations":[{"start":{"line":42,"column":8},"end":{"line":47,"column":18}},{"start":{"line":49,"column":8},"end":{"line":52,"column":18}}]},"5":{"line":44,"type":"binary-expr","locations":[{"start":{"line":44,"column":16},"end":{"line":44,"column":44}},{"start":{"line":44,"column":48},"end":{"line":44,"column":66}}]},"6":{"line":50,"type":"binary-expr","locations":[{"start":{"line":50,"column":21},"end":{"line":50,"column":49}},{"start":{"line":50,"column":53},"end":{"line":50,"column":72}}]},"7":{"line":64,"type":"switch","locations":[{"start":{"line":69,"column":4},"end":{"line":70,"column":14}},{"start":{"line":75,"column":4},"end":{"line":76,"column":14}}]},"8":{"line":85,"type":"switch","locations":[{"start":{"line":90,"column":4},"end":{"line":105,"column":14}},{"start":{"line":111,"column":4},"end":{"line":193,"column":14},"skip":true}]},"9":{"line":91,"type":"binary-expr","locations":[{"start":{"line":91,"column":42},"end":{"line":91,"column":73}},{"start":{"line":91,"column":77},"end":{"line":99,"column":9}}]},"10":{"line":102,"type":"binary-expr","locations":[{"start":{"line":102,"column":18},"end":{"line":102,"column":32}},{"start":{"line":103,"column":12},"end":{"line":103,"column":53}},{"start":{"line":104,"column":12},"end":{"line":104,"column":61}}]},"11":{"line":112,"type":"binary-expr","locations":[{"start":{"line":112,"column":45},"end":{"line":112,"column":79},"skip":true},{"start":{"line":112,"column":83},"end":{"line":121,"column":9},"skip":true}]},"12":{"line":123,"type":"binary-expr","locations":[{"start":{"line":123,"column":42},"end":{"line":123,"column":73},"skip":true},{"start":{"line":123,"column":77},"end":{"line":136,"column":9},"skip":true}]},"13":{"line":138,"type":"binary-expr","locations":[{"start":{"line":138,"column":48},"end":{"line":138,"column":85},"skip":true},{"start":{"line":139,"column":12},"end":{"line":145,"column":13},"skip":true}]},"14":{"line":147,"type":"binary-expr","locations":[{"start":{"line":147,"column":42},"end":{"line":147,"column":73},"skip":true},{"start":{"line":147,"column":77},"end":{"line":156,"column":9},"skip":true}]},"15":{"line":158,"type":"binary-expr","locations":[{"start":{"line":158,"column":45},"end":{"line":158,"column":79},"skip":true},{"start":{"line":158,"column":83},"end":{"line":167,"column":9},"skip":true}]},"16":{"line":169,"type":"binary-expr","locations":[{"start":{"line":169,"column":43},"end":{"line":169,"column":75},"skip":true},{"start":{"line":169,"column":79},"end":{"line":178,"column":9},"skip":true}]},"17":{"line":180,"type":"binary-expr","locations":[{"start":{"line":180,"column":41},"end":{"line":180,"column":71},"skip":true},{"start":{"line":180,"column":75},"end":{"line":189,"column":9},"skip":true}]}},"code":["/* istanbul instrument in package npmtest_rabbot */","/*jslint","    bitwise: true,","    browser: true,","    maxerr: 8,","    maxlen: 96,","    node: true,","    nomen: true,","    regexp: true,","    stupid: true","*/","(function () {","    'use strict';","    var local;","","","","    // run shared js-env code - init-before","    (function () {","        // init local","        local = {};","        // init modeJs","        local.modeJs = (function () {","            try {","                return typeof navigator.userAgent === 'string' &&","                    typeof document.querySelector('body') === 'object' &&","                    typeof XMLHttpRequest.prototype.open === 'function' &&","                    'browser';","            } catch (errorCaughtBrowser) {","                return module.exports &&","                    typeof process.versions.node === 'string' &&","                    typeof require('http').createServer === 'function' &&","                    'node';","            }","        }());","        // init global","        local.global = local.modeJs === 'browser'","            ? window","            : global;","        switch (local.modeJs) {","        // re-init local from window.local","        case 'browser':","            local = local.global.utility2.objectSetDefault(","                local.global.utility2_rollup || local.global.local,","                local.global.utility2","            );","            break;","        // re-init local from example.js","        case 'node':","            local = (local.global.utility2_rollup || require('utility2'))","                .requireReadme();","            break;","        }","        // export local","        local.global.local = local;","    }());","","","","    // run shared js-env code - function","    (function () {","        return;","    }());","    switch (local.modeJs) {","","","","    // run browser js-env code - function","    case 'browser':","        break;","","","","    // run node js-env code - function","    case 'node':","        break;","    }","","","","    // run shared js-env code - init-after","    (function () {","        return;","    }());","    switch (local.modeJs) {","","","","    // run browser js-env code - init-after","    case 'browser':","        local.testCase_browser_nullCase = local.testCase_browser_nullCase || function (","            options,","            onError","        ) {","        /*","         * this function will test browsers's null-case handling-behavior-behavior","         */","            onError(null, options);","        };","","        // run tests","        local.nop(local.modeTest &&","            document.querySelector('#testRunButton1') &&","            document.querySelector('#testRunButton1').click());","        break;","","","","    // run node js-env code - init-after","    /* istanbul ignore next */","    case 'node':","        local.testCase_buildApidoc_default = local.testCase_buildApidoc_default || function (","            options,","            onError","        ) {","        /*","         * this function will test buildApidoc's default handling-behavior-behavior","         */","            options = { modulePathList: module.paths };","            local.buildApidoc(options, onError);","        };","","        local.testCase_buildApp_default = local.testCase_buildApp_default || function (","            options,","            onError","        ) {","        /*","         * this function will test buildApp's default handling-behavior-behavior","         */","            local.testCase_buildReadme_default(options, local.onErrorThrow);","            local.testCase_buildLib_default(options, local.onErrorThrow);","            local.testCase_buildTest_default(options, local.onErrorThrow);","            local.testCase_buildCustomOrg_default(options, local.onErrorThrow);","            options = [];","            local.buildApp(options, onError);","        };","","        local.testCase_buildCustomOrg_default = local.testCase_buildCustomOrg_default ||","            function (options, onError) {","            /*","             * this function will test buildCustomOrg's default handling-behavior","             */","                options = {};","                local.buildCustomOrg(options, onError);","            };","","        local.testCase_buildLib_default = local.testCase_buildLib_default || function (","            options,","            onError","        ) {","        /*","         * this function will test buildLib's default handling-behavior","         */","            options = {};","            local.buildLib(options, onError);","        };","","        local.testCase_buildReadme_default = local.testCase_buildReadme_default || function (","            options,","            onError","        ) {","        /*","         * this function will test buildReadme's default handling-behavior-behavior","         */","            options = {};","            local.buildReadme(options, onError);","        };","","        local.testCase_buildTest_default = local.testCase_buildTest_default || function (","            options,","            onError","        ) {","        /*","         * this function will test buildTest's default handling-behavior","         */","            options = {};","            local.buildTest(options, onError);","        };","","        local.testCase_webpage_default = local.testCase_webpage_default || function (","            options,","            onError","        ) {","        /*","         * this function will test webpage's default handling-behavior","         */","            options = { modeCoverageMerge: true, url: local.serverLocalHost + '?modeTest=1' };","            local.browserTest(options, onError);","        };","","        // run test-server","        local.testRunServer(local);","        break;","    }","}());",""],"l":{"12":2,"14":2,"19":2,"21":2,"23":2,"24":2,"25":2,"30":1,"37":2,"40":2,"43":1,"47":1,"50":1,"52":1,"55":2,"61":2,"62":2,"64":2,"70":1,"76":1,"82":2,"83":2,"85":2,"91":1,"98":1,"102":1,"105":1,"112":1,"119":1,"120":1,"123":1,"130":1,"131":1,"132":1,"133":1,"134":1,"135":1,"138":1,"143":2,"144":2,"147":1,"154":2,"155":2,"158":1,"165":2,"166":2,"169":1,"176":2,"177":2,"180":1,"187":1,"188":1,"192":1,"193":1}},"/home/travis/build/npmtest/node-npmtest-rabbot/lib.npmtest_rabbot.js":{"path":"/home/travis/build/npmtest/node-npmtest-rabbot/lib.npmtest_rabbot.js","s":{"1":2,"2":2,"3":2,"4":2,"5":2,"6":2,"7":2,"8":1,"9":2,"10":2,"11":2,"12":2,"13":1,"14":1,"15":1,"16":1},"b":{"1":[2,1,1,1],"2":[1,1,1,1],"3":[1,1],"4":[2,2],"5":[1,1]},"f":{"1":2,"2":2,"3":2},"fnMap":{"1":{"name":"(anonymous_1)","line":12,"loc":{"start":{"line":12,"column":1},"end":{"line":12,"column":13}}},"2":{"name":"(anonymous_2)","line":19,"loc":{"start":{"line":19,"column":5},"end":{"line":19,"column":17}}},"3":{"name":"(anonymous_3)","line":23,"loc":{"start":{"line":23,"column":24},"end":{"line":23,"column":36}}}},"statementMap":{"1":{"start":{"line":12,"column":0},"end":{"line":53,"column":5}},"2":{"start":{"line":14,"column":4},"end":{"line":14,"column":14}},"3":{"start":{"line":19,"column":4},"end":{"line":52,"column":9}},"4":{"start":{"line":21,"column":8},"end":{"line":21,"column":19}},"5":{"start":{"line":23,"column":8},"end":{"line":35,"column":13}},"6":{"start":{"line":24,"column":12},"end":{"line":34,"column":13}},"7":{"start":{"line":25,"column":16},"end":{"line":28,"column":30}},"8":{"start":{"line":30,"column":16},"end":{"line":33,"column":27}},"9":{"start":{"line":37,"column":8},"end":{"line":39,"column":21}},"10":{"start":{"line":41,"column":8},"end":{"line":41,"column":54}},"11":{"start":{"line":43,"column":8},"end":{"line":43,"column":51}},"12":{"start":{"line":45,"column":8},"end":{"line":51,"column":9}},"13":{"start":{"line":46,"column":12},"end":{"line":46,"column":57}},"14":{"start":{"line":48,"column":12},"end":{"line":48,"column":35}},"15":{"start":{"line":49,"column":12},"end":{"line":49,"column":49}},"16":{"start":{"line":50,"column":12},"end":{"line":50,"column":43}}},"branchMap":{"1":{"line":25,"type":"binary-expr","locations":[{"start":{"line":25,"column":23},"end":{"line":25,"column":62}},{"start":{"line":26,"column":20},"end":{"line":26,"column":70}},{"start":{"line":27,"column":20},"end":{"line":27,"column":71}},{"start":{"line":28,"column":20},"end":{"line":28,"column":29}}]},"2":{"line":30,"type":"binary-expr","locations":[{"start":{"line":30,"column":23},"end":{"line":30,"column":37}},{"start":{"line":31,"column":20},"end":{"line":31,"column":61}},{"start":{"line":32,"column":20},"end":{"line":32,"column":70}},{"start":{"line":33,"column":20},"end":{"line":33,"column":26}}]},"3":{"line":37,"type":"cond-expr","locations":[{"start":{"line":38,"column":14},"end":{"line":38,"column":20}},{"start":{"line":39,"column":14},"end":{"line":39,"column":20}}]},"4":{"line":41,"type":"binary-expr","locations":[{"start":{"line":41,"column":16},"end":{"line":41,"column":44}},{"start":{"line":41,"column":48},"end":{"line":41,"column":53}}]},"5":{"line":45,"type":"if","locations":[{"start":{"line":45,"column":8},"end":{"line":45,"column":8}},{"start":{"line":45,"column":8},"end":{"line":45,"column":8}}]}},"code":["/* istanbul instrument in package npmtest_rabbot */","/*jslint","    bitwise: true,","    browser: true,","    maxerr: 8,","    maxlen: 96,","    node: true,","    nomen: true,","    regexp: true,","    stupid: true","*/","(function () {","    'use strict';","    var local;","","","","    // run shared js-env code - init-before","    (function () {","        // init local","        local = {};","        // init modeJs","        local.modeJs = (function () {","            try {","                return typeof navigator.userAgent === 'string' &&","                    typeof document.querySelector('body') === 'object' &&","                    typeof XMLHttpRequest.prototype.open === 'function' &&","                    'browser';","            } catch (errorCaughtBrowser) {","                return module.exports &&","                    typeof process.versions.node === 'string' &&","                    typeof require('http').createServer === 'function' &&","                    'node';","            }","        }());","        // init global","        local.global = local.modeJs === 'browser'","            ? window","            : global;","        // init utility2_rollup","        local = local.global.utility2_rollup || local;","        // init lib","        local.local = local.npmtest_rabbot = local;","        // init exports","        if (local.modeJs === 'browser') {","            local.global.utility2_npmtest_rabbot = local;","        } else {","            module.exports = local;","            module.exports.__dirname = __dirname;","            module.exports.module = module;","        }","    }());","}());",""],"l":{"12":2,"14":2,"19":2,"21":2,"23":2,"24":2,"25":2,"30":1,"37":2,"41":2,"43":2,"45":2,"46":1,"48":1,"49":1,"50":1}},"/home/travis/build/npmtest/node-npmtest-rabbot/example.js":{"path":"/home/travis/build/npmtest/node-npmtest-rabbot/example.js","s":{"1":2,"2":2,"3":2,"4":2,"5":2,"6":2,"7":2,"8":1,"9":2,"10":2,"11":2,"12":2,"13":1,"14":2,"15":2,"16":2,"17":2,"18":2,"19":0,"20":2,"21":1,"22":1,"23":1,"24":1,"25":1,"26":0,"27":0,"28":1,"29":1,"30":2,"31":0,"32":0,"33":0,"34":1,"35":2,"36":2,"37":3,"38":3,"39":3,"40":3,"41":0,"42":3,"43":3,"44":3,"45":1,"46":3,"47":1,"48":1,"49":1,"50":1,"51":1,"52":1,"53":1,"54":1,"55":1,"56":1,"57":0,"58":1,"59":6,"60":6,"61":1,"62":2,"63":0,"64":2,"65":1,"66":1,"67":0,"68":0,"69":0,"70":0,"71":0,"72":0,"73":0,"74":0,"75":0,"76":0,"77":0,"78":0,"79":0,"80":0,"81":0,"82":0,"83":0},"b":{"1":[2,1,1,1],"2":[1,1,1,1],"3":[1,1],"4":[2,2],"5":[1,1],"6":[1,1],"7":[2,0],"8":[2,1,1,1,1,1],"9":[0,2,0],"10":[1,1],"11":[2,1,1],"12":[1,0],"13":[0,2],"14":[2,0,0,0,0,0,0],"15":[0,3],"16":[3,0],"17":[1,1],"18":[0,1],"19":[1,2,0,2],"20":[1,0],"21":[1,1],"22":[0,0],"23":[0,0],"24":[0,0],"25":[0,0],"26":[0,0],"27":[0,0],"28":[0,0]},"f":{"1":2,"2":2,"3":2,"4":2,"5":2,"6":2,"7":3,"8":3,"9":3,"10":1,"11":6,"12":0},"fnMap":{"1":{"name":"(anonymous_1)","line":26,"loc":{"start":{"line":26,"column":1},"end":{"line":26,"column":13}}},"2":{"name":"(anonymous_2)","line":33,"loc":{"start":{"line":33,"column":5},"end":{"line":33,"column":17}}},"3":{"name":"(anonymous_3)","line":37,"loc":{"start":{"line":37,"column":24},"end":{"line":37,"column":36}}},"4":{"name":"(anonymous_4)","line":69,"loc":{"start":{"line":69,"column":31},"end":{"line":69,"column":48}},"skip":true},"5":{"name":"(anonymous_5)","line":78,"loc":{"start":{"line":78,"column":26},"end":{"line":78,"column":45}},"skip":true},"6":{"name":"(anonymous_6)","line":123,"loc":{"start":{"line":123,"column":33},"end":{"line":123,"column":48}},"skip":true},"7":{"name":"(anonymous_7)","line":125,"loc":{"start":{"line":125,"column":27},"end":{"line":125,"column":39}},"skip":true},"8":{"name":"(anonymous_8)","line":133,"loc":{"start":{"line":133,"column":59},"end":{"line":133,"column":74}},"skip":true},"9":{"name":"(anonymous_9)","line":143,"loc":{"start":{"line":143,"column":45},"end":{"line":143,"column":62}},"skip":true},"10":{"name":"(anonymous_10)","line":144,"loc":{"start":{"line":144,"column":73},"end":{"line":144,"column":92}},"skip":true},"11":{"name":"(anonymous_11)","line":272,"loc":{"start":{"line":272,"column":51},"end":{"line":272,"column":77}},"skip":true},"12":{"name":"(anonymous_12)","line":315,"loc":{"start":{"line":315,"column":32},"end":{"line":315,"column":61}},"skip":true}},"statementMap":{"1":{"start":{"line":26,"column":0},"end":{"line":326,"column":5}},"2":{"start":{"line":28,"column":4},"end":{"line":28,"column":14}},"3":{"start":{"line":33,"column":4},"end":{"line":60,"column":9}},"4":{"start":{"line":35,"column":8},"end":{"line":35,"column":19}},"5":{"start":{"line":37,"column":8},"end":{"line":49,"column":13}},"6":{"start":{"line":38,"column":12},"end":{"line":48,"column":13}},"7":{"start":{"line":39,"column":16},"end":{"line":42,"column":30}},"8":{"start":{"line":44,"column":16},"end":{"line":47,"column":27}},"9":{"start":{"line":51,"column":8},"end":{"line":53,"column":21}},"10":{"start":{"line":55,"column":8},"end":{"line":57,"column":45}},"11":{"start":{"line":59,"column":8},"end":{"line":59,"column":35}},"12":{"start":{"line":61,"column":4},"end":{"line":325,"column":5}},"13":{"start":{"line":69,"column":8},"end":{"line":121,"column":10},"skip":true},"14":{"start":{"line":70,"column":12},"end":{"line":88,"column":13},"skip":true},"15":{"start":{"line":76,"column":16},"end":{"line":87,"column":19},"skip":true},"16":{"start":{"line":79,"column":20},"end":{"line":86,"column":21},"skip":true},"17":{"start":{"line":82,"column":24},"end":{"line":82,"column":43},"skip":true},"18":{"start":{"line":83,"column":24},"end":{"line":83,"column":30},"skip":true},"19":{"start":{"line":85,"column":24},"end":{"line":85,"column":49},"skip":true},"20":{"start":{"line":89,"column":12},"end":{"line":107,"column":13},"skip":true},"21":{"start":{"line":92,"column":16},"end":{"line":102,"column":17},"skip":true},"22":{"start":{"line":93,"column":20},"end":{"line":93,"column":86},"skip":true},"23":{"start":{"line":94,"column":20},"end":{"line":95,"column":45},"skip":true},"24":{"start":{"line":96,"column":20},"end":{"line":96,"column":42},"skip":true},"25":{"start":{"line":97,"column":20},"end":{"line":97,"column":48},"skip":true},"26":{"start":{"line":100,"column":20},"end":{"line":100,"column":85},"skip":true},"27":{"start":{"line":101,"column":20},"end":{"line":101,"column":96},"skip":true},"28":{"start":{"line":103,"column":16},"end":{"line":103,"column":22},"skip":true},"29":{"start":{"line":106,"column":16},"end":{"line":106,"column":22},"skip":true},"30":{"start":{"line":108,"column":12},"end":{"line":120,"column":13},"skip":true},"31":{"start":{"line":114,"column":16},"end":{"line":119,"column":17},"skip":true},"32":{"start":{"line":116,"column":20},"end":{"line":116,"column":78},"skip":true},"33":{"start":{"line":118,"column":20},"end":{"line":118,"column":47},"skip":true},"34":{"start":{"line":123,"column":8},"end":{"line":141,"column":11},"skip":true},"35":{"start":{"line":124,"column":12},"end":{"line":124,"column":54},"skip":true},"36":{"start":{"line":125,"column":12},"end":{"line":140,"column":14},"skip":true},"37":{"start":{"line":126,"column":16},"end":{"line":126,"column":28},"skip":true},"38":{"start":{"line":127,"column":16},"end":{"line":127,"column":69},"skip":true},"39":{"start":{"line":128,"column":16},"end":{"line":128,"column":75},"skip":true},"40":{"start":{"line":129,"column":16},"end":{"line":131,"column":17},"skip":true},"41":{"start":{"line":130,"column":20},"end":{"line":130,"column":27},"skip":true},"42":{"start":{"line":133,"column":16},"end":{"line":137,"column":36},"skip":true},"43":{"start":{"line":134,"column":20},"end":{"line":136,"column":55},"skip":true},"44":{"start":{"line":139,"column":16},"end":{"line":139,"column":57},"skip":true},"45":{"start":{"line":143,"column":8},"end":{"line":147,"column":11},"skip":true},"46":{"start":{"line":144,"column":12},"end":{"line":146,"column":15},"skip":true},"47":{"start":{"line":145,"column":16},"end":{"line":145,"column":70},"skip":true},"48":{"start":{"line":149,"column":8},"end":{"line":149,"column":31},"skip":true},"49":{"start":{"line":150,"column":8},"end":{"line":150,"column":14},"skip":true},"50":{"start":{"line":158,"column":8},"end":{"line":158,"column":31},"skip":true},"51":{"start":{"line":160,"column":8},"end":{"line":160,"column":33},"skip":true},"52":{"start":{"line":161,"column":8},"end":{"line":161,"column":37},"skip":true},"53":{"start":{"line":162,"column":8},"end":{"line":162,"column":35},"skip":true},"54":{"start":{"line":164,"column":8},"end":{"line":164,"column":50},"skip":true},"55":{"start":{"line":166,"column":8},"end":{"line":256,"column":2},"skip":true},"56":{"start":{"line":258,"column":8},"end":{"line":286,"column":9},"skip":true},"57":{"start":{"line":259,"column":12},"end":{"line":269,"column":14},"skip":true},"58":{"start":{"line":271,"column":12},"end":{"line":285,"column":19},"skip":true},"59":{"start":{"line":274,"column":20},"end":{"line":274,"column":35},"skip":true},"60":{"start":{"line":275,"column":20},"end":{"line":284,"column":21},"skip":true},"61":{"start":{"line":277,"column":24},"end":{"line":277,"column":64},"skip":true},"62":{"start":{"line":279,"column":24},"end":{"line":279,"column":40},"skip":true},"63":{"start":{"line":281,"column":24},"end":{"line":281,"column":40},"skip":true},"64":{"start":{"line":283,"column":24},"end":{"line":283,"column":39},"skip":true},"65":{"start":{"line":288,"column":8},"end":{"line":290,"column":9},"skip":true},"66":{"start":{"line":289,"column":12},"end":{"line":289,"column":18},"skip":true},"67":{"start":{"line":291,"column":8},"end":{"line":293,"column":54},"skip":true},"68":{"start":{"line":296,"column":8},"end":{"line":301,"column":37},"skip":true},"69":{"start":{"line":303,"column":8},"end":{"line":303,"column":82},"skip":true},"70":{"start":{"line":306,"column":8},"end":{"line":308,"column":9},"skip":true},"71":{"start":{"line":307,"column":12},"end":{"line":307,"column":82},"skip":true},"72":{"start":{"line":310,"column":8},"end":{"line":312,"column":9},"skip":true},"73":{"start":{"line":311,"column":12},"end":{"line":311,"column":18},"skip":true},"74":{"start":{"line":313,"column":8},"end":{"line":313,"column":54},"skip":true},"75":{"start":{"line":314,"column":8},"end":{"line":314,"column":69},"skip":true},"76":{"start":{"line":315,"column":8},"end":{"line":323,"column":36},"skip":true},"77":{"start":{"line":316,"column":12},"end":{"line":316,"column":61},"skip":true},"78":{"start":{"line":317,"column":12},"end":{"line":320,"column":13},"skip":true},"79":{"start":{"line":318,"column":16},"end":{"line":318,"column":75},"skip":true},"80":{"start":{"line":319,"column":16},"end":{"line":319,"column":23},"skip":true},"81":{"start":{"line":321,"column":12},"end":{"line":321,"column":38},"skip":true},"82":{"start":{"line":322,"column":12},"end":{"line":322,"column":27},"skip":true},"83":{"start":{"line":324,"column":8},"end":{"line":324,"column":14},"skip":true}},"branchMap":{"1":{"line":39,"type":"binary-expr","locations":[{"start":{"line":39,"column":23},"end":{"line":39,"column":62}},{"start":{"line":40,"column":20},"end":{"line":40,"column":70}},{"start":{"line":41,"column":20},"end":{"line":41,"column":71}},{"start":{"line":42,"column":20},"end":{"line":42,"column":29}}]},"2":{"line":44,"type":"binary-expr","locations":[{"start":{"line":44,"column":23},"end":{"line":44,"column":37}},{"start":{"line":45,"column":20},"end":{"line":45,"column":61}},{"start":{"line":46,"column":20},"end":{"line":46,"column":70}},{"start":{"line":47,"column":20},"end":{"line":47,"column":26}}]},"3":{"line":51,"type":"cond-expr","locations":[{"start":{"line":52,"column":14},"end":{"line":52,"column":20}},{"start":{"line":53,"column":14},"end":{"line":53,"column":20}}]},"4":{"line":55,"type":"binary-expr","locations":[{"start":{"line":55,"column":16},"end":{"line":55,"column":44}},{"start":{"line":55,"column":49},"end":{"line":57,"column":43}}]},"5":{"line":55,"type":"cond-expr","locations":[{"start":{"line":56,"column":14},"end":{"line":56,"column":50}},{"start":{"line":57,"column":14},"end":{"line":57,"column":43}}]},"6":{"line":61,"type":"switch","locations":[{"start":{"line":68,"column":4},"end":{"line":150,"column":14},"skip":true},{"start":{"line":156,"column":4},"end":{"line":324,"column":14},"skip":true}]},"7":{"line":70,"type":"if","locations":[{"start":{"line":70,"column":12},"end":{"line":70,"column":12},"skip":true},{"start":{"line":70,"column":12},"end":{"line":70,"column":12},"skip":true}]},"8":{"line":70,"type":"binary-expr","locations":[{"start":{"line":70,"column":16},"end":{"line":70,"column":22},"skip":true},{"start":{"line":70,"column":27},"end":{"line":70,"column":32},"skip":true},{"start":{"line":71,"column":20},"end":{"line":71,"column":39},"skip":true},{"start":{"line":72,"column":20},"end":{"line":72,"column":49},"skip":true},{"start":{"line":73,"column":20},"end":{"line":73,"column":58},"skip":true},{"start":{"line":74,"column":20},"end":{"line":74,"column":69},"skip":true}]},"9":{"line":79,"type":"switch","locations":[{"start":{"line":80,"column":20},"end":{"line":80,"column":33},"skip":true},{"start":{"line":81,"column":20},"end":{"line":83,"column":30},"skip":true},{"start":{"line":84,"column":20},"end":{"line":85,"column":49},"skip":true}]},"10":{"line":89,"type":"switch","locations":[{"start":{"line":90,"column":12},"end":{"line":103,"column":22},"skip":true},{"start":{"line":105,"column":12},"end":{"line":106,"column":22},"skip":true}]},"11":{"line":89,"type":"binary-expr","locations":[{"start":{"line":89,"column":20},"end":{"line":89,"column":25},"skip":true},{"start":{"line":89,"column":29},"end":{"line":89,"column":48},"skip":true},{"start":{"line":89,"column":52},"end":{"line":89,"column":74},"skip":true}]},"12":{"line":92,"type":"if","locations":[{"start":{"line":92,"column":16},"end":{"line":92,"column":16},"skip":true},{"start":{"line":92,"column":16},"end":{"line":92,"column":16},"skip":true}]},"13":{"line":108,"type":"if","locations":[{"start":{"line":108,"column":12},"end":{"line":108,"column":12},"skip":true},{"start":{"line":108,"column":12},"end":{"line":108,"column":12},"skip":true}]},"14":{"line":108,"type":"binary-expr","locations":[{"start":{"line":108,"column":16},"end":{"line":108,"column":61},"skip":true},{"start":{"line":108,"column":66},"end":{"line":108,"column":72},"skip":true},{"start":{"line":108,"column":77},"end":{"line":108,"column":82},"skip":true},{"start":{"line":109,"column":20},"end":{"line":109,"column":39},"skip":true},{"start":{"line":110,"column":20},"end":{"line":110,"column":49},"skip":true},{"start":{"line":111,"column":20},"end":{"line":111,"column":58},"skip":true},{"start":{"line":112,"column":20},"end":{"line":112,"column":68},"skip":true}]},"15":{"line":129,"type":"if","locations":[{"start":{"line":129,"column":16},"end":{"line":129,"column":16},"skip":true},{"start":{"line":129,"column":16},"end":{"line":129,"column":16},"skip":true}]},"16":{"line":134,"type":"cond-expr","locations":[{"start":{"line":135,"column":26},"end":{"line":135,"column":29},"skip":true},{"start":{"line":136,"column":26},"end":{"line":136,"column":54},"skip":true}]},"17":{"line":164,"type":"binary-expr","locations":[{"start":{"line":164,"column":27},"end":{"line":164,"column":43},"skip":true},{"start":{"line":164,"column":47},"end":{"line":164,"column":49},"skip":true}]},"18":{"line":258,"type":"if","locations":[{"start":{"line":258,"column":8},"end":{"line":258,"column":8},"skip":true},{"start":{"line":258,"column":8},"end":{"line":258,"column":8},"skip":true}]},"19":{"line":275,"type":"switch","locations":[{"start":{"line":276,"column":20},"end":{"line":277,"column":64},"skip":true},{"start":{"line":278,"column":20},"end":{"line":279,"column":40},"skip":true},{"start":{"line":280,"column":20},"end":{"line":281,"column":40},"skip":true},{"start":{"line":282,"column":20},"end":{"line":283,"column":39},"skip":true}]},"20":{"line":288,"type":"if","locations":[{"start":{"line":288,"column":8},"end":{"line":288,"column":8},"skip":true},{"start":{"line":288,"column":8},"end":{"line":288,"column":8},"skip":true}]},"21":{"line":288,"type":"binary-expr","locations":[{"start":{"line":288,"column":12},"end":{"line":288,"column":40},"skip":true},{"start":{"line":288,"column":44},"end":{"line":288,"column":67},"skip":true}]},"22":{"line":292,"type":"binary-expr","locations":[{"start":{"line":292,"column":12},"end":{"line":292,"column":50},"skip":true},{"start":{"line":293,"column":12},"end":{"line":293,"column":53},"skip":true}]},"23":{"line":297,"type":"binary-expr","locations":[{"start":{"line":297,"column":12},"end":{"line":297,"column":64},"skip":true},{"start":{"line":298,"column":12},"end":{"line":301,"column":36},"skip":true}]},"24":{"line":303,"type":"binary-expr","locations":[{"start":{"line":303,"column":43},"end":{"line":303,"column":75},"skip":true},{"start":{"line":303,"column":79},"end":{"line":303,"column":81},"skip":true}]},"25":{"line":306,"type":"if","locations":[{"start":{"line":306,"column":8},"end":{"line":306,"column":8},"skip":true},{"start":{"line":306,"column":8},"end":{"line":306,"column":8},"skip":true}]},"26":{"line":310,"type":"if","locations":[{"start":{"line":310,"column":8},"end":{"line":310,"column":8},"skip":true},{"start":{"line":310,"column":8},"end":{"line":310,"column":8},"skip":true}]},"27":{"line":313,"type":"binary-expr","locations":[{"start":{"line":313,"column":27},"end":{"line":313,"column":43},"skip":true},{"start":{"line":313,"column":47},"end":{"line":313,"column":53},"skip":true}]},"28":{"line":317,"type":"if","locations":[{"start":{"line":317,"column":12},"end":{"line":317,"column":12},"skip":true},{"start":{"line":317,"column":12},"end":{"line":317,"column":12},"skip":true}]}},"code":["/*","example.js","","quickstart example","","instruction","    1. save this script as example.js","    2. run the shell command:","        $ npm install npmtest-rabbot && PORT=8081 node example.js","    3. play with the browser-demo on http://127.0.0.1:8081","*/","","","","/* istanbul instrument in package npmtest_rabbot */","/*jslint","    bitwise: true,","    browser: true,","    maxerr: 8,","    maxlen: 96,","    node: true,","    nomen: true,","    regexp: true,","    stupid: true","*/","(function () {","    'use strict';","    var local;","","","","    // run shared js-env code - init-before","    (function () {","        // init local","        local = {};","        // init modeJs","        local.modeJs = (function () {","            try {","                return typeof navigator.userAgent === 'string' &&","                    typeof document.querySelector('body') === 'object' &&","                    typeof XMLHttpRequest.prototype.open === 'function' &&","                    'browser';","            } catch (errorCaughtBrowser) {","                return module.exports &&","                    typeof process.versions.node === 'string' &&","                    typeof require('http').createServer === 'function' &&","                    'node';","            }","        }());","        // init global","        local.global = local.modeJs === 'browser'","            ? window","            : global;","        // init utility2_rollup","        local = local.global.utility2_rollup || (local.modeJs === 'browser'","            ? local.global.utility2_npmtest_rabbot","            : global.utility2_moduleExports);","        // export local","        local.global.local = local;","    }());","    switch (local.modeJs) {","","","","    // init-after","    // run browser js-env code - init-after","    /* istanbul ignore next */","    case 'browser':","        local.testRunBrowser = function (event) {","            if (!event || (event &&","                    event.currentTarget &&","                    event.currentTarget.className &&","                    event.currentTarget.className.includes &&","                    event.currentTarget.className.includes('onreset'))) {","                // reset output","                Array.from(","                    document.querySelectorAll('body > .resettable')","                ).forEach(function (element) {","                    switch (element.tagName) {","                    case 'INPUT':","                    case 'TEXTAREA':","                        element.value = '';","                        break;","                    default:","                        element.textContent = '';","                    }","                });","            }","            switch (event && event.currentTarget && event.currentTarget.id) {","            case 'testRunButton1':","                // show tests","                if (document.querySelector('#testReportDiv1').style.display === 'none') {","                    document.querySelector('#testReportDiv1').style.display = 'block';","                    document.querySelector('#testRunButton1').textContent =","                        'hide internal test';","                    local.modeTest = true;","                    local.testRunDefault(local);","                // hide tests","                } else {","                    document.querySelector('#testReportDiv1').style.display = 'none';","                    document.querySelector('#testRunButton1').textContent = 'run internal test';","                }","                break;","            // custom-case","            default:","                break;","            }","            if (document.querySelector('#inputTextareaEval1') && (!event || (event &&","                    event.currentTarget &&","                    event.currentTarget.className &&","                    event.currentTarget.className.includes &&","                    event.currentTarget.className.includes('oneval')))) {","                // try to eval input-code","                try {","                    /*jslint evil: true*/","                    eval(document.querySelector('#inputTextareaEval1').value);","                } catch (errorCaught) {","                    console.error(errorCaught);","                }","            }","        };","        // log stderr and stdout to #outputTextareaStdout1","        ['error', 'log'].forEach(function (key) {","            console[key + '_original'] = console[key];","            console[key] = function () {","                var element;","                console[key + '_original'].apply(console, arguments);","                element = document.querySelector('#outputTextareaStdout1');","                if (!element) {","                    return;","                }","                // append text to #outputTextareaStdout1","                element.value += Array.from(arguments).map(function (arg) {","                    return typeof arg === 'string'","                        ? arg","                        : JSON.stringify(arg, null, 4);","                }).join(' ') + '\\n';","                // scroll textarea to bottom","                element.scrollTop = element.scrollHeight;","            };","        });","        // init event-handling","        ['change', 'click', 'keyup'].forEach(function (event) {","            Array.from(document.querySelectorAll('.on' + event)).forEach(function (element) {","                element.addEventListener(event, local.testRunBrowser);","            });","        });","        // run tests","        local.testRunBrowser();","        break;","","","","    // run node js-env code - init-after","    /* istanbul ignore next */","    case 'node':","        // export local","        module.exports = local;","        // require modules","        local.fs = require('fs');","        local.http = require('http');","        local.url = require('url');","        // init assets","        local.assetsDict = local.assetsDict || {};","        /* jslint-ignore-begin */","        local.assetsDict['/assets.index.template.html'] = '\\","<!doctype html>\\n\\","<html lang=\"en\">\\n\\","<head>\\n\\","<meta charset=\"UTF-8\">\\n\\","<meta name=\"viewport\" content=\"width=device-width, initial-scale=1\">\\n\\","<title>{{env.npm_package_name}} (v{{env.npm_package_version}})</title>\\n\\","<style>\\n\\","/*csslint\\n\\","    box-sizing: false,\\n\\","    universal-selector: false\\n\\","*/\\n\\","* {\\n\\","    box-sizing: border-box;\\n\\","}\\n\\","body {\\n\\","    background: #dde;\\n\\","    font-family: Arial, Helvetica, sans-serif;\\n\\","    margin: 2rem;\\n\\","}\\n\\","body > * {\\n\\","    margin-bottom: 1rem;\\n\\","}\\n\\",".utility2FooterDiv {\\n\\","    margin-top: 20px;\\n\\","    text-align: center;\\n\\","}\\n\\","</style>\\n\\","<style>\\n\\","/*csslint\\n\\","*/\\n\\","textarea {\\n\\","    font-family: monospace;\\n\\","    height: 10rem;\\n\\","    width: 100%;\\n\\","}\\n\\","textarea[readonly] {\\n\\","    background: #ddd;\\n\\","}\\n\\","</style>\\n\\","</head>\\n\\","<body>\\n\\","<!-- utility2-comment\\n\\","<div id=\"ajaxProgressDiv1\" style=\"background: #d00; height: 2px; left: 0; margin: 0; padding: 0; position: fixed; top: 0; transition: background 0.5s, width 1.5s; width: 25%;\"></div>\\n\\","utility2-comment -->\\n\\","<h1>\\n\\","<!-- utility2-comment\\n\\","    <a\\n\\","        {{#if env.npm_package_homepage}}\\n\\","        href=\"{{env.npm_package_homepage}}\"\\n\\","        {{/if env.npm_package_homepage}}\\n\\","        target=\"_blank\"\\n\\","    >\\n\\","utility2-comment -->\\n\\","        {{env.npm_package_name}} (v{{env.npm_package_version}})\\n\\","<!-- utility2-comment\\n\\","    </a>\\n\\","utility2-comment -->\\n\\","</h1>\\n\\","<h3>{{env.npm_package_description}}</h3>\\n\\","<!-- utility2-comment\\n\\","<h4><a download href=\"assets.app.js\">download standalone app</a></h4>\\n\\","<button class=\"onclick onreset\" id=\"testRunButton1\">run internal test</button><br>\\n\\","<div id=\"testReportDiv1\" style=\"display: none;\"></div>\\n\\","utility2-comment -->\\n\\","\\n\\","\\n\\","\\n\\","<label>stderr and stdout</label>\\n\\","<textarea class=\"resettable\" id=\"outputTextareaStdout1\" readonly></textarea>\\n\\","<!-- utility2-comment\\n\\","{{#if isRollup}}\\n\\","<script src=\"assets.app.js\"></script>\\n\\","{{#unless isRollup}}\\n\\","utility2-comment -->\\n\\","<script src=\"assets.utility2.rollup.js\"></script>\\n\\","<script src=\"jsonp.utility2._stateInit?callback=window.utility2._stateInit\"></script>\\n\\","<script src=\"assets.npmtest_rabbot.rollup.js\"></script>\\n\\","<script src=\"assets.example.js\"></script>\\n\\","<script src=\"assets.test.js\"></script>\\n\\","<!-- utility2-comment\\n\\","{{/if isRollup}}\\n\\","utility2-comment -->\\n\\","<div class=\"utility2FooterDiv\">\\n\\","    [ this app was created with\\n\\","    <a href=\"https://github.com/kaizhu256/node-utility2\" target=\"_blank\">utility2</a>\\n\\","    ]\\n\\","</div>\\n\\","</body>\\n\\","</html>\\n\\","';","        /* jslint-ignore-end */","        if (local.templateRender) {","            local.assetsDict['/'] = local.templateRender(","                local.assetsDict['/assets.index.template.html'],","                {","                    env: local.objectSetDefault(local.env, {","                        npm_package_description: 'the greatest app in the world!',","                        npm_package_name: 'my-app',","                        npm_package_nameAlias: 'my_app',","                        npm_package_version: '0.0.1'","                    })","                }","            );","        } else {","            local.assetsDict['/'] = local.assetsDict['/assets.index.template.html']","                .replace((/\\{\\{env\\.(\\w+?)\\}\\}/g), function (match0, match1) {","                    // jslint-hack","                    String(match0);","                    switch (match1) {","                    case 'npm_package_description':","                        return 'the greatest app in the world!';","                    case 'npm_package_name':","                        return 'my-app';","                    case 'npm_package_nameAlias':","                        return 'my_app';","                    case 'npm_package_version':","                        return '0.0.1';","                    }","                });","        }","        // run the cli","        if (local.global.utility2_rollup || module !== require.main) {","            break;","        }","        local.assetsDict['/assets.example.js'] =","            local.assetsDict['/assets.example.js'] ||","            local.fs.readFileSync(__filename, 'utf8');","        // bug-workaround - long $npm_package_buildCustomOrg","        /* jslint-ignore-begin */","        local.assetsDict['/assets.npmtest_rabbot.rollup.js'] =","            local.assetsDict['/assets.npmtest_rabbot.rollup.js'] ||","            local.fs.readFileSync(","                local.npmtest_rabbot.__dirname + '/lib.npmtest_rabbot.js',","                'utf8'","            ).replace((/^#!/), '//');","        /* jslint-ignore-end */","        local.assetsDict['/favicon.ico'] = local.assetsDict['/favicon.ico'] || '';","        // if $npm_config_timeout_exit exists,","        // then exit this process after $npm_config_timeout_exit ms","        if (Number(process.env.npm_config_timeout_exit)) {","            setTimeout(process.exit, Number(process.env.npm_config_timeout_exit));","        }","        // start server","        if (local.global.utility2_serverHttp1) {","            break;","        }","        process.env.PORT = process.env.PORT || '8081';","        console.error('server starting on port ' + process.env.PORT);","        local.http.createServer(function (request, response) {","            request.urlParsed = local.url.parse(request.url);","            if (local.assetsDict[request.urlParsed.pathname] !== undefined) {","                response.end(local.assetsDict[request.urlParsed.pathname]);","                return;","            }","            response.statusCode = 404;","            response.end();","        }).listen(process.env.PORT);","        break;","    }","}());",""],"l":{"26":2,"28":2,"33":2,"35":2,"37":2,"38":2,"39":2,"44":1,"51":2,"55":2,"59":2,"61":2,"69":1,"70":2,"76":2,"79":2,"82":2,"83":2,"85":1,"89":2,"92":1,"93":1,"94":1,"96":1,"97":1,"100":1,"101":1,"103":1,"106":1,"108":2,"114":1,"116":1,"118":1,"123":1,"124":2,"125":2,"126":3,"127":3,"128":3,"129":3,"130":1,"133":3,"134":3,"139":3,"143":1,"144":3,"145":1,"149":1,"150":1,"158":1,"160":1,"161":1,"162":1,"164":1,"166":1,"258":1,"259":1,"271":1,"274":6,"275":6,"277":1,"279":2,"281":1,"283":2,"288":1,"289":1,"291":1,"296":1,"303":1,"306":1,"307":1,"310":1,"311":1,"313":1,"314":1,"315":1,"316":1,"317":1,"318":1,"319":1,"321":1,"322":1,"324":1}},"/home/travis/build/npmtest/node-npmtest-rabbot/node_modules/rabbot/src/index.js":{"path":"/home/travis/build/npmtest/node-npmtest-rabbot/node_modules/rabbot/src/index.js","s":{"1":1,"2":1,"3":1,"4":1,"5":1,"6":1,"7":1,"8":1,"9":1,"10":1,"11":1,"12":1,"13":0,"14":0,"15":1,"16":1,"17":1,"18":1,"19":0,"20":0,"21":0,"22":0,"23":0,"24":0,"25":0,"26":0,"27":0,"28":0,"29":1,"30":1,"31":1,"32":1,"33":1,"34":1,"35":1,"36":1,"37":0,"38":0,"39":0,"40":0,"41":0,"42":0,"43":0,"44":0,"45":0,"46":0,"47":0,"48":0,"49":0,"50":0,"51":0,"52":0,"53":0,"54":0,"55":0,"56":0,"57":0,"58":0,"59":0,"60":0,"61":0,"62":0,"63":0,"64":0,"65":0,"66":0,"67":0,"68":0,"69":0,"70":0,"71":0,"72":0,"73":0,"74":0,"75":0,"76":1,"77":0,"78":0,"79":0,"80":0,"81":0,"82":0,"83":0,"84":0,"85":0,"86":1,"87":0,"88":0,"89":0,"90":0,"91":0,"92":0,"93":1,"94":0,"95":1,"96":0,"97":1,"98":0,"99":0,"100":1,"101":0,"102":0,"103":1,"104":0,"105":1,"106":0,"107":0,"108":0,"109":1,"110":0,"111":0,"112":0,"113":0,"114":0,"115":0,"116":0,"117":1,"118":0,"119":0,"120":1,"121":0,"122":0,"123":1,"124":0,"125":0,"126":1,"127":0,"128":0,"129":1,"130":0,"131":0,"132":0,"133":0,"134":0,"135":0,"136":0,"137":0,"138":0,"139":0,"140":0,"141":0,"142":0,"143":0,"144":0,"145":0,"146":0,"147":0,"148":0,"149":0,"150":0,"151":0,"152":1,"153":0,"154":1,"155":0,"156":1,"157":0,"158":1,"159":0,"160":1,"161":0,"162":1,"163":0,"164":1,"165":0,"166":0,"167":0,"168":0,"169":0,"170":0,"171":0,"172":0,"173":0,"174":0,"175":0,"176":0,"177":0,"178":0,"179":0,"180":0,"181":0,"182":0,"183":1,"184":0,"185":0,"186":0,"187":0,"188":0,"189":0,"190":0,"191":0,"192":0,"193":0,"194":0,"195":0,"196":0,"197":0,"198":0,"199":0,"200":0,"201":0,"202":0,"203":0,"204":0,"205":0,"206":1,"207":0,"208":0,"209":1,"210":0,"211":0,"212":0,"213":1,"214":0,"215":0,"216":0,"217":1,"218":0,"219":0,"220":1,"221":0,"222":0,"223":0,"224":0,"225":0,"226":0,"227":0,"228":0,"229":0,"230":1,"231":0,"232":0,"233":0,"234":0,"235":0,"236":1,"237":1,"238":1,"239":1},"b":{"1":[0,0],"2":[0,0],"3":[0,0],"4":[0,0],"5":[0,0],"6":[0,0],"7":[0,0],"8":[0,0],"9":[0,0],"10":[0,0],"11":[0,0],"12":[0,0],"13":[0,0],"14":[0,0],"15":[0,0],"16":[0,0],"17":[0,0],"18":[0,0],"19":[0,0],"20":[0,0],"21":[0,0],"22":[0,0],"23":[0,0],"24":[0,0],"25":[0,0],"26":[0,0],"27":[0,0],"28":[0,0],"29":[0,0],"30":[0,0],"31":[0,0],"32":[0,0],"33":[0,0],"34":[0,0],"35":[0,0],"36":[0,0],"37":[0,0],"38":[0,0],"39":[0,0],"40":[0,0],"41":[0,0,0],"42":[0,0,0],"43":[0,0],"44":[0,0],"45":[0,0],"46":[0,0],"47":[0,0],"48":[0,0],"49":[0,0,0],"50":[0,0,0],"51":[0,0,0,0],"52":[0,0,0,0],"53":[0,0],"54":[0,0],"55":[0,0],"56":[0,0],"57":[0,0],"58":[0,0],"59":[0,0],"60":[0,0]},"f":{"1":0,"2":0,"3":0,"4":0,"5":0,"6":0,"7":0,"8":0,"9":0,"10":0,"11":1,"12":0,"13":0,"14":0,"15":0,"16":0,"17":0,"18":0,"19":0,"20":0,"21":0,"22":0,"23":0,"24":0,"25":0,"26":0,"27":0,"28":0,"29":0,"30":0,"31":0,"32":0,"33":0,"34":0,"35":0,"36":0,"37":0,"38":0,"39":0,"40":0,"41":0,"42":0,"43":0,"44":0,"45":0,"46":0,"47":0,"48":0,"49":0,"50":0,"51":0,"52":0,"53":0},"fnMap":{"1":{"name":"(anonymous_1)","line":14,"loc":{"start":{"line":14,"column":18},"end":{"line":14,"column":38}}},"2":{"name":"(anonymous_2)","line":17,"loc":{"start":{"line":17,"column":20},"end":{"line":17,"column":40}}},"3":{"name":"(anonymous_3)","line":20,"loc":{"start":{"line":20,"column":20},"end":{"line":20,"column":31}}},"4":{"name":"(anonymous_4)","line":23,"loc":{"start":{"line":23,"column":19},"end":{"line":23,"column":30}}},"5":{"name":"(anonymous_5)","line":30,"loc":{"start":{"line":30,"column":15},"end":{"line":30,"column":43}}},"6":{"name":"(anonymous_6)","line":33,"loc":{"start":{"line":33,"column":13},"end":{"line":33,"column":32}}},"7":{"name":"(anonymous_7)","line":38,"loc":{"start":{"line":38,"column":15},"end":{"line":38,"column":33}}},"8":{"name":"(anonymous_8)","line":41,"loc":{"start":{"line":41,"column":13},"end":{"line":41,"column":31}}},"9":{"name":"(anonymous_9)","line":52,"loc":{"start":{"line":52,"column":15},"end":{"line":52,"column":43}}},"10":{"name":"(anonymous_10)","line":55,"loc":{"start":{"line":55,"column":13},"end":{"line":55,"column":32}}},"11":{"name":"(anonymous_11)","line":61,"loc":{"start":{"line":61,"column":13},"end":{"line":61,"column":24}}},"12":{"name":"(anonymous_12)","line":70,"loc":{"start":{"line":70,"column":33},"end":{"line":70,"column":53}}},"13":{"name":"(anonymous_13)","line":81,"loc":{"start":{"line":81,"column":35},"end":{"line":81,"column":63}}},"14":{"name":"(anonymous_14)","line":85,"loc":{"start":{"line":85,"column":31},"end":{"line":85,"column":42}}},"15":{"name":"(anonymous_15)","line":91,"loc":{"start":{"line":91,"column":28},"end":{"line":91,"column":39}}},"16":{"name":"(anonymous_16)","line":96,"loc":{"start":{"line":96,"column":28},"end":{"line":96,"column":44}}},"17":{"name":"(anonymous_17)","line":101,"loc":{"start":{"line":101,"column":33},"end":{"line":101,"column":44}}},"18":{"name":"(anonymous_18)","line":107,"loc":{"start":{"line":107,"column":28},"end":{"line":107,"column":42}}},"19":{"name":"(anonymous_19)","line":123,"loc":{"start":{"line":123,"column":31},"end":{"line":123,"column":79}}},"20":{"name":"(anonymous_20)","line":138,"loc":{"start":{"line":138,"column":28},"end":{"line":138,"column":70}}},"21":{"name":"(anonymous_21)","line":148,"loc":{"start":{"line":148,"column":33},"end":{"line":148,"column":69}}},"22":{"name":"(anonymous_22)","line":152,"loc":{"start":{"line":152,"column":28},"end":{"line":152,"column":39}}},"23":{"name":"(anonymous_23)","line":156,"loc":{"start":{"line":156,"column":32},"end":{"line":156,"column":81}}},"24":{"name":"(anonymous_24)","line":161,"loc":{"start":{"line":161,"column":29},"end":{"line":161,"column":78}}},"25":{"name":"(anonymous_25)","line":169,"loc":{"start":{"line":169,"column":36},"end":{"line":169,"column":47}}},"26":{"name":"(anonymous_26)","line":173,"loc":{"start":{"line":173,"column":28},"end":{"line":173,"column":46}}},"27":{"name":"(anonymous_27)","line":175,"loc":{"start":{"line":175,"column":40},"end":{"line":175,"column":63}}},"28":{"name":"(anonymous_28)","line":181,"loc":{"start":{"line":181,"column":25},"end":{"line":181,"column":59}}},"29":{"name":"(anonymous_29)","line":194,"loc":{"start":{"line":194,"column":34},"end":{"line":194,"column":67}}},"30":{"name":"(anonymous_30)","line":199,"loc":{"start":{"line":199,"column":31},"end":{"line":199,"column":64}}},"31":{"name":"(anonymous_31)","line":204,"loc":{"start":{"line":204,"column":31},"end":{"line":204,"column":64}}},"32":{"name":"(anonymous_32)","line":209,"loc":{"start":{"line":209,"column":28},"end":{"line":209,"column":61}}},"33":{"name":"(anonymous_33)","line":214,"loc":{"start":{"line":214,"column":26},"end":{"line":214,"column":79}}},"34":{"name":"(anonymous_34)","line":244,"loc":{"start":{"line":244,"column":22},"end":{"line":244,"column":43}}},"35":{"name":"(anonymous_35)","line":253,"loc":{"start":{"line":253,"column":39},"end":{"line":253,"column":50}}},"36":{"name":"(anonymous_36)","line":257,"loc":{"start":{"line":257,"column":31},"end":{"line":257,"column":42}}},"37":{"name":"(anonymous_37)","line":261,"loc":{"start":{"line":261,"column":33},"end":{"line":261,"column":44}}},"38":{"name":"(anonymous_38)","line":265,"loc":{"start":{"line":265,"column":31},"end":{"line":265,"column":51}}},"39":{"name":"(anonymous_39)","line":269,"loc":{"start":{"line":269,"column":35},"end":{"line":269,"column":46}}},"40":{"name":"(anonymous_40)","line":273,"loc":{"start":{"line":273,"column":30},"end":{"line":273,"column":50}}},"41":{"name":"(anonymous_41)","line":277,"loc":{"start":{"line":277,"column":27},"end":{"line":277,"column":122}}},"42":{"name":"(anonymous_42)","line":308,"loc":{"start":{"line":308,"column":9},"end":{"line":308,"column":20}}},"43":{"name":"(anonymous_43)","line":318,"loc":{"start":{"line":318,"column":27},"end":{"line":318,"column":85}}},"44":{"name":"(anonymous_44)","line":332,"loc":{"start":{"line":332,"column":22},"end":{"line":332,"column":50}}},"45":{"name":"(anonymous_45)","line":333,"loc":{"start":{"line":333,"column":28},"end":{"line":333,"column":39}}},"46":{"name":"(anonymous_46)","line":337,"loc":{"start":{"line":337,"column":53},"end":{"line":337,"column":73}}},"47":{"name":"(anonymous_47)","line":351,"loc":{"start":{"line":351,"column":25},"end":{"line":351,"column":36}}},"48":{"name":"(anonymous_48)","line":356,"loc":{"start":{"line":356,"column":25},"end":{"line":356,"column":52}}},"49":{"name":"(anonymous_49)","line":362,"loc":{"start":{"line":362,"column":34},"end":{"line":362,"column":55}}},"50":{"name":"(anonymous_50)","line":369,"loc":{"start":{"line":369,"column":28},"end":{"line":369,"column":39}}},"51":{"name":"(anonymous_51)","line":371,"loc":{"start":{"line":371,"column":9},"end":{"line":371,"column":20}}},"52":{"name":"(anonymous_52)","line":376,"loc":{"start":{"line":376,"column":37},"end":{"line":376,"column":86}}},"53":{"name":"(anonymous_53)","line":392,"loc":{"start":{"line":392,"column":36},"end":{"line":392,"column":74}}}},"statementMap":{"1":{"start":{"line":1,"column":0},"end":{"line":1,"column":28}},"2":{"start":{"line":2,"column":0},"end":{"line":2,"column":42}},"3":{"start":{"line":3,"column":0},"end":{"line":3,"column":29}},"4":{"start":{"line":4,"column":0},"end":{"line":4,"column":51}},"5":{"start":{"line":5,"column":0},"end":{"line":5,"column":44}},"6":{"start":{"line":6,"column":0},"end":{"line":6,"column":33}},"7":{"start":{"line":7,"column":0},"end":{"line":7,"column":29}},"8":{"start":{"line":8,"column":0},"end":{"line":8,"column":51}},"9":{"start":{"line":9,"column":0},"end":{"line":9,"column":53}},"10":{"start":{"line":10,"column":0},"end":{"line":10,"column":44}},"11":{"start":{"line":11,"column":0},"end":{"line":11,"column":38}},"12":{"start":{"line":13,"column":0},"end":{"line":21,"column":2}},"13":{"start":{"line":15,"column":2},"end":{"line":15,"column":17}},"14":{"start":{"line":18,"column":2},"end":{"line":18,"column":19}},"15":{"start":{"line":22,"column":0},"end":{"line":24,"column":2}},"16":{"start":{"line":25,"column":0},"end":{"line":25,"column":70}},"17":{"start":{"line":26,"column":0},"end":{"line":26,"column":68}},"18":{"start":{"line":28,"column":0},"end":{"line":59,"column":2}},"19":{"start":{"line":31,"column":3},"end":{"line":31,"column":61}},"20":{"start":{"line":34,"column":3},"end":{"line":34,"column":57}},"21":{"start":{"line":39,"column":6},"end":{"line":39,"column":19}},"22":{"start":{"line":42,"column":6},"end":{"line":48,"column":7}},"23":{"start":{"line":43,"column":8},"end":{"line":43,"column":21}},"24":{"start":{"line":44,"column":13},"end":{"line":48,"column":7}},"25":{"start":{"line":45,"column":8},"end":{"line":45,"column":36}},"26":{"start":{"line":47,"column":8},"end":{"line":47,"column":64}},"27":{"start":{"line":53,"column":3},"end":{"line":53,"column":47}},"28":{"start":{"line":56,"column":3},"end":{"line":56,"column":39}},"29":{"start":{"line":61,"column":0},"end":{"line":68,"column":2}},"30":{"start":{"line":62,"column":1},"end":{"line":62,"column":23}},"31":{"start":{"line":63,"column":1},"end":{"line":63,"column":25}},"32":{"start":{"line":64,"column":1},"end":{"line":64,"column":23}},"33":{"start":{"line":65,"column":1},"end":{"line":65,"column":32}},"34":{"start":{"line":66,"column":1},"end":{"line":66,"column":26}},"35":{"start":{"line":67,"column":1},"end":{"line":67,"column":19}},"36":{"start":{"line":70,"column":0},"end":{"line":121,"column":2}},"37":{"start":{"line":71,"column":1},"end":{"line":71,"column":16}},"38":{"start":{"line":73,"column":1},"end":{"line":73,"column":23}},"39":{"start":{"line":74,"column":1},"end":{"line":74,"column":64}},"40":{"start":{"line":75,"column":1},"end":{"line":75,"column":25}},"41":{"start":{"line":76,"column":1},"end":{"line":76,"column":21}},"42":{"start":{"line":77,"column":1},"end":{"line":77,"column":46}},"43":{"start":{"line":78,"column":1},"end":{"line":78,"column":45}},"44":{"start":{"line":79,"column":1},"end":{"line":79,"column":16}},"45":{"start":{"line":81,"column":1},"end":{"line":116,"column":5}},"46":{"start":{"line":82,"column":2},"end":{"line":115,"column":3}},"47":{"start":{"line":83,"column":3},"end":{"line":83,"column":40}},"48":{"start":{"line":84,"column":3},"end":{"line":84,"column":112}},"49":{"start":{"line":85,"column":3},"end":{"line":90,"column":7}},"50":{"start":{"line":86,"column":4},"end":{"line":86,"column":41}},"51":{"start":{"line":87,"column":4},"end":{"line":87,"column":68}},"52":{"start":{"line":88,"column":4},"end":{"line":88,"column":31}},"53":{"start":{"line":89,"column":4},"end":{"line":89,"column":30}},"54":{"start":{"line":91,"column":3},"end":{"line":95,"column":7}},"55":{"start":{"line":92,"column":4},"end":{"line":92,"column":38}},"56":{"start":{"line":93,"column":4},"end":{"line":93,"column":68}},"57":{"start":{"line":94,"column":4},"end":{"line":94,"column":53}},"58":{"start":{"line":96,"column":3},"end":{"line":100,"column":7}},"59":{"start":{"line":97,"column":4},"end":{"line":97,"column":38}},"60":{"start":{"line":98,"column":4},"end":{"line":98,"column":50}},"61":{"start":{"line":99,"column":4},"end":{"line":99,"column":24}},"62":{"start":{"line":101,"column":3},"end":{"line":106,"column":7}},"63":{"start":{"line":102,"column":4},"end":{"line":102,"column":43}},"64":{"start":{"line":103,"column":4},"end":{"line":103,"column":50}},"65":{"start":{"line":104,"column":4},"end":{"line":104,"column":28}},"66":{"start":{"line":105,"column":4},"end":{"line":105,"column":58}},"67":{"start":{"line":107,"column":3},"end":{"line":109,"column":7}},"68":{"start":{"line":108,"column":4},"end":{"line":108,"column":31}},"69":{"start":{"line":110,"column":3},"end":{"line":110,"column":39}},"70":{"start":{"line":112,"column":3},"end":{"line":112,"column":41}},"71":{"start":{"line":113,"column":3},"end":{"line":113,"column":35}},"72":{"start":{"line":114,"column":3},"end":{"line":114,"column":25}},"73":{"start":{"line":117,"column":1},"end":{"line":119,"column":2}},"74":{"start":{"line":118,"column":2},"end":{"line":118,"column":55}},"75":{"start":{"line":120,"column":1},"end":{"line":120,"column":26}},"76":{"start":{"line":123,"column":0},"end":{"line":136,"column":2}},"77":{"start":{"line":124,"column":1},"end":{"line":124,"column":46}},"78":{"start":{"line":125,"column":2},"end":{"line":127,"column":3}},"79":{"start":{"line":126,"column":4},"end":{"line":126,"column":17}},"80":{"start":{"line":128,"column":1},"end":{"line":134,"column":2}},"81":{"start":{"line":129,"column":2},"end":{"line":129,"column":17}},"82":{"start":{"line":130,"column":2},"end":{"line":130,"column":24}},"83":{"start":{"line":132,"column":2},"end":{"line":132,"column":22}},"84":{"start":{"line":133,"column":2},"end":{"line":133,"column":22}},"85":{"start":{"line":135,"column":1},"end":{"line":135,"column":69}},"86":{"start":{"line":138,"column":0},"end":{"line":146,"column":2}},"87":{"start":{"line":139,"column":1},"end":{"line":139,"column":46}},"88":{"start":{"line":140,"column":2},"end":{"line":140,"column":26}},"89":{"start":{"line":141,"column":1},"end":{"line":141,"column":21}},"90":{"start":{"line":142,"column":1},"end":{"line":144,"column":2}},"91":{"start":{"line":143,"column":2},"end":{"line":143,"column":120}},"92":{"start":{"line":145,"column":1},"end":{"line":145,"column":82}},"93":{"start":{"line":148,"column":0},"end":{"line":150,"column":2}},"94":{"start":{"line":149,"column":1},"end":{"line":149,"column":41}},"95":{"start":{"line":152,"column":0},"end":{"line":154,"column":2}},"96":{"start":{"line":153,"column":1},"end":{"line":153,"column":29}},"97":{"start":{"line":156,"column":0},"end":{"line":159,"column":2}},"98":{"start":{"line":157,"column":1},"end":{"line":157,"column":46}},"99":{"start":{"line":158,"column":1},"end":{"line":158,"column":107}},"100":{"start":{"line":161,"column":0},"end":{"line":167,"column":2}},"101":{"start":{"line":162,"column":1},"end":{"line":162,"column":46}},"102":{"start":{"line":163,"column":1},"end":{"line":166,"column":3}},"103":{"start":{"line":169,"column":0},"end":{"line":171,"column":2}},"104":{"start":{"line":170,"column":1},"end":{"line":170,"column":37}},"105":{"start":{"line":173,"column":0},"end":{"line":179,"column":2}},"106":{"start":{"line":175,"column":1},"end":{"line":177,"column":18}},"107":{"start":{"line":176,"column":2},"end":{"line":176,"column":46}},"108":{"start":{"line":178,"column":1},"end":{"line":178,"column":28}},"109":{"start":{"line":181,"column":0},"end":{"line":192,"column":2}},"110":{"start":{"line":182,"column":1},"end":{"line":182,"column":46}},"111":{"start":{"line":183,"column":1},"end":{"line":183,"column":64}},"112":{"start":{"line":184,"column":1},"end":{"line":191,"column":2}},"113":{"start":{"line":185,"column":2},"end":{"line":187,"column":3}},"114":{"start":{"line":186,"column":3},"end":{"line":186,"column":46}},"115":{"start":{"line":188,"column":2},"end":{"line":188,"column":35}},"116":{"start":{"line":190,"column":2},"end":{"line":190,"column":22}},"117":{"start":{"line":194,"column":0},"end":{"line":197,"column":2}},"118":{"start":{"line":195,"column":1},"end":{"line":195,"column":46}},"119":{"start":{"line":196,"column":1},"end":{"line":196,"column":66}},"120":{"start":{"line":199,"column":0},"end":{"line":202,"column":2}},"121":{"start":{"line":200,"column":1},"end":{"line":200,"column":46}},"122":{"start":{"line":201,"column":1},"end":{"line":201,"column":63}},"123":{"start":{"line":204,"column":0},"end":{"line":207,"column":2}},"124":{"start":{"line":205,"column":1},"end":{"line":205,"column":46}},"125":{"start":{"line":206,"column":1},"end":{"line":206,"column":74}},"126":{"start":{"line":209,"column":0},"end":{"line":212,"column":2}},"127":{"start":{"line":210,"column":1},"end":{"line":210,"column":46}},"128":{"start":{"line":211,"column":1},"end":{"line":211,"column":71}},"129":{"start":{"line":214,"column":0},"end":{"line":251,"column":2}},"130":{"start":{"line":215,"column":1},"end":{"line":215,"column":24}},"131":{"start":{"line":216,"column":1},"end":{"line":216,"column":13}},"132":{"start":{"line":217,"column":1},"end":{"line":230,"column":2}},"133":{"start":{"line":218,"column":2},"end":{"line":224,"column":3}},"134":{"start":{"line":226,"column":2},"end":{"line":226,"column":24}},"135":{"start":{"line":227,"column":2},"end":{"line":227,"column":63}},"136":{"start":{"line":228,"column":2},"end":{"line":228,"column":62}},"137":{"start":{"line":229,"column":2},"end":{"line":229,"column":47}},"138":{"start":{"line":231,"column":1},"end":{"line":231,"column":16}},"139":{"start":{"line":232,"column":1},"end":{"line":239,"column":2}},"140":{"start":{"line":233,"column":2},"end":{"line":233,"column":20}},"141":{"start":{"line":235,"column":2},"end":{"line":235,"column":53}},"142":{"start":{"line":236,"column":2},"end":{"line":238,"column":3}},"143":{"start":{"line":237,"column":3},"end":{"line":237,"column":37}},"144":{"start":{"line":241,"column":1},"end":{"line":241,"column":32}},"145":{"start":{"line":242,"column":1},"end":{"line":242,"column":90}},"146":{"start":{"line":243,"column":1},"end":{"line":248,"column":2}},"147":{"start":{"line":244,"column":2},"end":{"line":247,"column":6}},"148":{"start":{"line":245,"column":3},"end":{"line":245,"column":73}},"149":{"start":{"line":246,"column":3},"end":{"line":246,"column":14}},"150":{"start":{"line":249,"column":1},"end":{"line":249,"column":48}},"151":{"start":{"line":250,"column":1},"end":{"line":250,"column":21}},"152":{"start":{"line":253,"column":0},"end":{"line":255,"column":2}},"153":{"start":{"line":254,"column":1},"end":{"line":254,"column":23}},"154":{"start":{"line":257,"column":0},"end":{"line":259,"column":2}},"155":{"start":{"line":258,"column":1},"end":{"line":258,"column":22}},"156":{"start":{"line":261,"column":0},"end":{"line":263,"column":2}},"157":{"start":{"line":262,"column":1},"end":{"line":262,"column":71}},"158":{"start":{"line":265,"column":0},"end":{"line":267,"column":2}},"159":{"start":{"line":266,"column":1},"end":{"line":266,"column":83}},"160":{"start":{"line":269,"column":0},"end":{"line":271,"column":2}},"161":{"start":{"line":270,"column":1},"end":{"line":270,"column":73}},"162":{"start":{"line":273,"column":0},"end":{"line":275,"column":2}},"163":{"start":{"line":274,"column":1},"end":{"line":274,"column":79}},"164":{"start":{"line":277,"column":0},"end":{"line":316,"column":2}},"165":{"start":{"line":278,"column":1},"end":{"line":278,"column":28}},"166":{"start":{"line":279,"column":1},"end":{"line":279,"column":13}},"167":{"start":{"line":280,"column":1},"end":{"line":296,"column":2}},"168":{"start":{"line":281,"column":2},"end":{"line":281,"column":17}},"169":{"start":{"line":282,"column":2},"end":{"line":282,"column":66}},"170":{"start":{"line":284,"column":2},"end":{"line":284,"column":73}},"171":{"start":{"line":285,"column":2},"end":{"line":295,"column":4}},"172":{"start":{"line":297,"column":1},"end":{"line":299,"column":2}},"173":{"start":{"line":298,"column":2},"end":{"line":298,"column":119}},"174":{"start":{"line":300,"column":1},"end":{"line":302,"column":2}},"175":{"start":{"line":301,"column":2},"end":{"line":301,"column":95}},"176":{"start":{"line":303,"column":1},"end":{"line":305,"column":2}},"177":{"start":{"line":304,"column":2},"end":{"line":304,"column":41}},"178":{"start":{"line":307,"column":1},"end":{"line":315,"column":19}},"179":{"start":{"line":309,"column":3},"end":{"line":309,"column":67}},"180":{"start":{"line":310,"column":3},"end":{"line":314,"column":4}},"181":{"start":{"line":311,"column":4},"end":{"line":311,"column":39}},"182":{"start":{"line":313,"column":4},"end":{"line":313,"column":141}},"183":{"start":{"line":318,"column":0},"end":{"line":349,"column":2}},"184":{"start":{"line":319,"column":2},"end":{"line":323,"column":3}},"185":{"start":{"line":320,"column":4},"end":{"line":320,"column":75}},"186":{"start":{"line":322,"column":4},"end":{"line":322,"column":67}},"187":{"start":{"line":324,"column":1},"end":{"line":324,"column":27}},"188":{"start":{"line":325,"column":1},"end":{"line":325,"column":31}},"189":{"start":{"line":326,"column":1},"end":{"line":326,"column":41}},"190":{"start":{"line":327,"column":1},"end":{"line":327,"column":61}},"191":{"start":{"line":328,"column":1},"end":{"line":328,"column":65}},"192":{"start":{"line":329,"column":1},"end":{"line":329,"column":101}},"193":{"start":{"line":330,"column":1},"end":{"line":330,"column":119}},"194":{"start":{"line":332,"column":1},"end":{"line":348,"column":18}},"195":{"start":{"line":333,"column":2},"end":{"line":336,"column":20}},"196":{"start":{"line":334,"column":3},"end":{"line":334,"column":30}},"197":{"start":{"line":335,"column":3},"end":{"line":335,"column":103}},"198":{"start":{"line":337,"column":2},"end":{"line":345,"column":6}},"199":{"start":{"line":338,"column":3},"end":{"line":344,"column":4}},"200":{"start":{"line":339,"column":4},"end":{"line":339,"column":28}},"201":{"start":{"line":340,"column":4},"end":{"line":340,"column":23}},"202":{"start":{"line":341,"column":4},"end":{"line":341,"column":31}},"203":{"start":{"line":342,"column":10},"end":{"line":344,"column":4}},"204":{"start":{"line":343,"column":4},"end":{"line":343,"column":22}},"205":{"start":{"line":346,"column":2},"end":{"line":346,"column":40}},"206":{"start":{"line":351,"column":0},"end":{"line":354,"column":2}},"207":{"start":{"line":352,"column":1},"end":{"line":352,"column":23}},"208":{"start":{"line":353,"column":1},"end":{"line":353,"column":26}},"209":{"start":{"line":356,"column":0},"end":{"line":360,"column":2}},"210":{"start":{"line":357,"column":1},"end":{"line":357,"column":46}},"211":{"start":{"line":358,"column":1},"end":{"line":358,"column":52}},"212":{"start":{"line":359,"column":1},"end":{"line":359,"column":33}},"213":{"start":{"line":362,"column":0},"end":{"line":367,"column":2}},"214":{"start":{"line":363,"column":1},"end":{"line":365,"column":2}},"215":{"start":{"line":364,"column":2},"end":{"line":364,"column":26}},"216":{"start":{"line":366,"column":1},"end":{"line":366,"column":61}},"217":{"start":{"line":369,"column":0},"end":{"line":374,"column":2}},"218":{"start":{"line":370,"column":1},"end":{"line":373,"column":19}},"219":{"start":{"line":372,"column":3},"end":{"line":372,"column":27}},"220":{"start":{"line":376,"column":0},"end":{"line":390,"column":2}},"221":{"start":{"line":377,"column":1},"end":{"line":379,"column":2}},"222":{"start":{"line":378,"column":2},"end":{"line":378,"column":125}},"223":{"start":{"line":380,"column":1},"end":{"line":383,"column":2}},"224":{"start":{"line":381,"column":2},"end":{"line":381,"column":29}},"225":{"start":{"line":382,"column":2},"end":{"line":382,"column":20}},"226":{"start":{"line":384,"column":1},"end":{"line":384,"column":56}},"227":{"start":{"line":385,"column":1},"end":{"line":389,"column":2}},"228":{"start":{"line":386,"column":2},"end":{"line":386,"column":38}},"229":{"start":{"line":388,"column":2},"end":{"line":388,"column":120}},"230":{"start":{"line":392,"column":0},"end":{"line":400,"column":1}},"231":{"start":{"line":393,"column":1},"end":{"line":393,"column":56}},"232":{"start":{"line":394,"column":1},"end":{"line":399,"column":2}},"233":{"start":{"line":395,"column":2},"end":{"line":395,"column":22}},"234":{"start":{"line":396,"column":2},"end":{"line":396,"column":15}},"235":{"start":{"line":398,"column":2},"end":{"line":398,"column":119}},"236":{"start":{"line":402,"column":0},"end":{"line":402,"column":35}},"237":{"start":{"line":404,"column":0},"end":{"line":404,"column":28}},"238":{"start":{"line":406,"column":0},"end":{"line":406,"column":26}},"239":{"start":{"line":408,"column":0},"end":{"line":408,"column":24}}},"branchMap":{"1":{"line":31,"type":"binary-expr","locations":[{"start":{"line":31,"column":38},"end":{"line":31,"column":46}},{"start":{"line":31,"column":50},"end":{"line":31,"column":56}}]},"2":{"line":42,"type":"if","locations":[{"start":{"line":42,"column":6},"end":{"line":42,"column":6}},{"start":{"line":42,"column":6},"end":{"line":42,"column":6}}]},"3":{"line":44,"type":"if","locations":[{"start":{"line":44,"column":13},"end":{"line":44,"column":13}},{"start":{"line":44,"column":13},"end":{"line":44,"column":13}}]},"4":{"line":53,"type":"binary-expr","locations":[{"start":{"line":53,"column":26},"end":{"line":53,"column":34}},{"start":{"line":53,"column":38},"end":{"line":53,"column":44}}]},"5":{"line":74,"type":"cond-expr","locations":[{"start":{"line":74,"column":24},"end":{"line":74,"column":49}},{"start":{"line":74,"column":54},"end":{"line":74,"column":63}}]},"6":{"line":74,"type":"binary-expr","locations":[{"start":{"line":74,"column":24},"end":{"line":74,"column":36}},{"start":{"line":74,"column":40},"end":{"line":74,"column":49}}]},"7":{"line":75,"type":"binary-expr","locations":[{"start":{"line":75,"column":11},"end":{"line":75,"column":18}},{"start":{"line":75,"column":22},"end":{"line":75,"column":24}}]},"8":{"line":77,"type":"binary-expr","locations":[{"start":{"line":77,"column":22},"end":{"line":77,"column":40}},{"start":{"line":77,"column":44},"end":{"line":77,"column":45}}]},"9":{"line":78,"type":"binary-expr","locations":[{"start":{"line":78,"column":21},"end":{"line":78,"column":38}},{"start":{"line":78,"column":42},"end":{"line":78,"column":44}}]},"10":{"line":82,"type":"if","locations":[{"start":{"line":82,"column":2},"end":{"line":82,"column":2}},{"start":{"line":82,"column":2},"end":{"line":82,"column":2}}]},"11":{"line":84,"type":"binary-expr","locations":[{"start":{"line":84,"column":42},"end":{"line":84,"column":49}},{"start":{"line":84,"column":53},"end":{"line":84,"column":55}}]},"12":{"line":117,"type":"if","locations":[{"start":{"line":117,"column":1},"end":{"line":117,"column":1}},{"start":{"line":117,"column":1},"end":{"line":117,"column":1}}]},"13":{"line":124,"type":"binary-expr","locations":[{"start":{"line":124,"column":18},"end":{"line":124,"column":32}},{"start":{"line":124,"column":36},"end":{"line":124,"column":45}}]},"14":{"line":125,"type":"if","locations":[{"start":{"line":125,"column":2},"end":{"line":125,"column":2}},{"start":{"line":125,"column":2},"end":{"line":125,"column":2}}]},"15":{"line":125,"type":"binary-expr","locations":[{"start":{"line":125,"column":6},"end":{"line":125,"column":11}},{"start":{"line":125,"column":15},"end":{"line":125,"column":23}}]},"16":{"line":128,"type":"if","locations":[{"start":{"line":128,"column":1},"end":{"line":128,"column":1}},{"start":{"line":128,"column":1},"end":{"line":128,"column":1}}]},"17":{"line":139,"type":"binary-expr","locations":[{"start":{"line":139,"column":18},"end":{"line":139,"column":32}},{"start":{"line":139,"column":36},"end":{"line":139,"column":45}}]},"18":{"line":140,"type":"binary-expr","locations":[{"start":{"line":140,"column":12},"end":{"line":140,"column":19}},{"start":{"line":140,"column":23},"end":{"line":140,"column":25}}]},"19":{"line":142,"type":"if","locations":[{"start":{"line":142,"column":1},"end":{"line":142,"column":1}},{"start":{"line":142,"column":1},"end":{"line":142,"column":1}}]},"20":{"line":142,"type":"binary-expr","locations":[{"start":{"line":142,"column":6},"end":{"line":142,"column":23}},{"start":{"line":142,"column":27},"end":{"line":142,"column":43}}]},"21":{"line":157,"type":"binary-expr","locations":[{"start":{"line":157,"column":18},"end":{"line":157,"column":32}},{"start":{"line":157,"column":36},"end":{"line":157,"column":45}}]},"22":{"line":162,"type":"binary-expr","locations":[{"start":{"line":162,"column":18},"end":{"line":162,"column":32}},{"start":{"line":162,"column":36},"end":{"line":162,"column":45}}]},"23":{"line":182,"type":"binary-expr","locations":[{"start":{"line":182,"column":18},"end":{"line":182,"column":32}},{"start":{"line":182,"column":36},"end":{"line":182,"column":45}}]},"24":{"line":184,"type":"if","locations":[{"start":{"line":184,"column":1},"end":{"line":184,"column":1}},{"start":{"line":184,"column":1},"end":{"line":184,"column":1}}]},"25":{"line":185,"type":"if","loc
[...]
44,"column":37},"end":{"line":144,"column":46}},{"start":{"line":144,"column":49},"end":{"line":144,"column":59}}]},"17":{"line":145,"type":"cond-expr","locations":[{"start":{"line":145,"column":43},"end":{"line":145,"column":58}},{"start":{"line":145,"column":61},"end":{"line":145,"column":63}}]},"18":{"line":145,"type":"binary-expr","locations":[{"start":{"line":145,"column":14},"end":{"line":145,"column":21}},{"start":{"line":145,"column":25},"end":{"line":145,"column":40}}]},"19":{"line":147,"type":"if","locations":[{"start":{"line":147,"column":3},"end":{"line":147,"column":3}},{"start":{"line":147,"column":3},"end":{"line":147,"column":3}}]},"20":{"line":147,"type":"binary-expr","locations":[{"start":{"line":147,"column":8},"end":{"line":147,"column":15}},{"start":{"line":147,"column":19},"end":{"line":147,"column":31}}]},"21":{"line":157,"type":"if","locations":[{"start":{"line":157,"column":3},"end":{"line":157,"column":3}},{"start":{"line":157,"column":3},"end":{"line":157,"column":3}}]},"22":{"line":157,"type":"binary-expr","locations":[{"start":{"line":157,"column":8},"end":{"line":157,"column":30}},{"start":{"line":157,"column":34},"end":{"line":157,"column":77}}]},"23":{"line":174,"type":"if","locations":[{"start":{"line":174,"column":1},"end":{"line":174,"column":1}},{"start":{"line":174,"column":1},"end":{"line":174,"column":1}}]},"24":{"line":178,"type":"if","locations":[{"start":{"line":178,"column":1},"end":{"line":178,"column":1}},{"start":{"line":178,"column":1},"end":{"line":178,"column":1}}]},"25":{"line":178,"type":"binary-expr","locations":[{"start":{"line":178,"column":6},"end":{"line":178,"column":19}},{"start":{"line":178,"column":23},"end":{"line":178,"column":38}}]},"26":{"line":205,"type":"if","locations":[{"start":{"line":205,"column":3},"end":{"line":205,"column":3}},{"start":{"line":205,"column":3},"end":{"line":205,"column":3}}]},"27":{"line":205,"type":"binary-expr","locations":[{"start":{"line":205,"column":8},"end":{"line":205,"column":32}},{"start":{"line":205,"column":36},"end":{"line":205,"column":45}}]},"28":{"line":222,"type":"switch","locations":[{"start":{"line":223,"column":3},"end":{"line":225,"column":80}},{"start":{"line":226,"column":3},"end":{"line":228,"column":81}},{"start":{"line":229,"column":3},"end":{"line":231,"column":88}},{"start":{"line":232,"column":3},"end":{"line":233,"column":24}}]},"29":{"line":243,"type":"binary-expr","locations":[{"start":{"line":243,"column":16},"end":{"line":243,"column":27}},{"start":{"line":243,"column":31},"end":{"line":243,"column":43}}]},"30":{"line":244,"type":"if","locations":[{"start":{"line":244,"column":1},"end":{"line":244,"column":1}},{"start":{"line":244,"column":1},"end":{"line":244,"column":1}}]},"31":{"line":244,"type":"binary-expr","locations":[{"start":{"line":244,"column":6},"end":{"line":244,"column":15}},{"start":{"line":244,"column":19},"end":{"line":244,"column":30}}]},"32":{"line":249,"type":"if","locations":[{"start":{"line":249,"column":1},"end":{"line":249,"column":1}},{"start":{"line":249,"column":1},"end":{"line":249,"column":1}}]},"33":{"line":255,"type":"if","locations":[{"start":{"line":255,"column":2},"end":{"line":255,"column":2}},{"start":{"line":255,"column":2},"end":{"line":255,"column":2}}]},"34":{"line":267,"type":"cond-expr","locations":[{"start":{"line":267,"column":48},"end":{"line":267,"column":69}},{"start":{"line":267,"column":72},"end":{"line":267,"column":91}}]},"35":{"line":268,"type":"if","locations":[{"start":{"line":268,"column":2},"end":{"line":268,"column":2}},{"start":{"line":268,"column":2},"end":{"line":268,"column":2}}]},"36":{"line":273,"type":"if","locations":[{"start":{"line":273,"column":2},"end":{"line":273,"column":2}},{"start":{"line":273,"column":2},"end":{"line":273,"column":2}}]},"37":{"line":277,"type":"binary-expr","locations":[{"start":{"line":277,"column":20},"end":{"line":277,"column":46}},{"start":{"line":277,"column":50},"end":{"line":277,"column":76}}]},"38":{"line":279,"type":"if","locations":[{"start":{"line":279,"column":2},"end":{"line":279,"column":2}},{"start":{"line":279,"column":2},"end":{"line":279,"column":2}}]},"39":{"line":294,"type":"if","locations":[{"start":{"line":294,"column":3},"end":{"line":294,"column":3}},{"start":{"line":294,"column":3},"end":{"line":294,"column":3}}]},"40":{"line":297,"type":"if","locations":[{"start":{"line":297,"column":3},"end":{"line":297,"column":3}},{"start":{"line":297,"column":3},"end":{"line":297,"column":3}}]},"41":{"line":297,"type":"binary-expr","locations":[{"start":{"line":297,"column":8},"end":{"line":297,"column":17}},{"start":{"line":297,"column":21},"end":{"line":297,"column":32}}]},"42":{"line":301,"type":"if","locations":[{"start":{"line":301,"column":3},"end":{"line":301,"column":3}},{"start":{"line":301,"column":3},"end":{"line":301,"column":3}}]},"43":{"line":311,"type":"if","locations":[{"start":{"line":311,"column":2},"end":{"line":311,"column":2}},{"start":{"line":311,"column":2},"end":{"line":311,"column":2}}]},"44":{"line":342,"type":"if","locations":[{"start":{"line":342,"column":1},"end":{"line":342,"column":1}},{"start":{"line":342,"column":1},"end":{"line":342,"column":1}}]}},"code":["var _ = require( \"lodash\" );","var AckBatch = require( \"../ackBatch.js\" );","var postal = require( \"postal\" );","var dispatch = postal.channel( \"rabbit.dispatch\" );","var responses = postal.channel( \"rabbit.responses\" );","var when = require( \"when\" );","var info = require( \"../info\" );","var log = require( \"../log\" )( \"rabbot.queue\" );","var format = require( \"util\" ).format;","var topLog = require( \"../log\" )( \"rabbot.topology\" );","var unhandledLog = require( \"../log\" )( \"rabbot.unhandled\" );","var noOp = function() {};","","/* log","\t* `rabbot.amqp-queue`","\t  * `debug`","\t    * for all message operations - ack, nack, reply & reject","\t  * `info`","\t    * subscribing","\t    * unsubscribing","\t  * `warn`","\t    * no message handlers for message received","\t  * `error`","\t    * no serializer defined for outgoing message","\t    * no serializer defined for incoming message","\t    * message nacked/rejected when consumer is set to no-ack","\t* `rabbot.topology`","\t  * `info`","\t    * queue declaration","*/","","function aliasOptions( options, aliases ) {","\tvar aliased = _.transform( options, function( result, value, key ) {","\t\tvar alias = aliases[ key ];","\t\tresult[ alias || key ] = value;","\t} );","\treturn _.omit( aliased, Array.prototype.slice.call( arguments, 2 ) );","}","","function define( channel, options, subscriber, connectionName ) {","\tvar valid = aliasOptions( options, {","\t\tqueuelimit: \"maxLength\",","\t\tqueueLimit: \"maxLength\",","\t\tdeadletter: \"deadLetterExchange\",","\t\tdeadLetter: \"deadLetterExchange\",","\t\tdeadLetterRoutingKey: \"deadLetterRoutingKey\"","\t}, \"subscribe\", \"limit\", \"noBatch\", \"unique\" );","\ttopLog.info( \"Declaring queue '%s' on connection '%s' with the options: %s\",","\t\toptions.uniqueName, connectionName, JSON.stringify( _.omit( options, [ \"name\" ] ) ) );","\treturn channel.assertQueue( options.uniqueName, valid )","\t\t.then( function( q ) {","\t\t\tif ( options.limit ) {","\t\t\t\tchannel.prefetch( options.limit );","\t\t\t}","\t\t\treturn q;","\t\t} );","}","","function finalize( channel, messages ) {","\tmessages.reset();","\tmessages.ignoreSignal();","\tchannel.release();","\tchannel = undefined;","}","","function getContentType( body, options ) {","\tif( options && options.contentType ) {","\t\treturn options.contentType;","\t}","\telse if( _.isString( body ) ) {","\t\treturn \"text/plain\";","\t} else if( _.isObject( body ) && !body.length ) {","\t\treturn \"application/json\";","\t} else {","\t\treturn \"application/octet-stream\";","\t}","}","","function getCount( messages ) {","\tif ( messages ) {","\t\treturn messages.messages.length;","\t} else {","\t\treturn 0;","\t}","}","","function getNoBatchOps( channel, raw, messages, noAck ) {","\tmessages.receivedCount += 1;","","\tvar ack, nack, reject;","\tif ( noAck ) {","\t\tack = noOp;","\t\tnack = function() {","\t\t\tlog.error( \"Tag %d on '%s' - '%s' cannot be nacked in noAck mode - message will be lost!\", raw.fields.deliveryTag, messages.name, messages.connectionName );","\t\t};","\t\treject = function() {","\t\t\tlog.error( \"Tag %d on '%s' - '%s' cannot be rejected in noAck mode - message will be lost!\", raw.fields.deliveryTag, messages.name, messages.connectionName );","\t\t};","\t} else {","\t\tack = function() {","\t\t\tlog.debug( \"Acking tag %d on '%s' - '%s'\", raw.fields.deliveryTag, messages.name, messages.connectionName );","\t\t\tchannel.ack( { fields: { deliveryTag: raw.fields.deliveryTag } }, false );","\t\t};","\t\tnack = function() {","\t\t\tlog.debug( \"Nacking tag %d on '%s' - '%s'\", raw.fields.deliveryTag, messages.name, messages.connectionName );","\t\t\tchannel.nack( { fields: { deliveryTag: raw.fields.deliveryTag } }, true );","\t\t};","\t\treject = function() {","\t\t\tlog.debug( \"Rejecting tag %d on '%s' - '%s'\", raw.fields.deliveryTag, messages.name, messages.connectionName );","\t\t\tchannel.reject( { fields: { deliveryTag: raw.fields.deliveryTag } }, false );","\t\t};","\t}","","\treturn {","\t\tack: ack,","\t\tnack: nack,","\t\treject: reject","\t};","}","","function getReply( channel, serializers, raw, replyQueue, connectionName ) {","\tvar position = 0;","\treturn function( reply, options ) {","\t\tvar defaultReplyType = raw.type + \".reply\";","\t\tvar replyType = options ? ( options.replyType || defaultReplyType ) : defaultReplyType;","\t\tvar contentType = getContentType( reply, options );","\t\tvar serializer = serializers[ contentType ];","\t\tif( !serializer ) {","\t\t\tvar message = format( \"Failed to publish message with contentType %s - no serializer defined\", contentType );","\t\t\tlog.error( message );","\t\t\treturn when.reject( new Error( message ) );","\t\t}","\t\tvar payload = serializer.serialize( reply );","","\t\tvar replyTo = raw.properties.replyTo;","\t\traw.ack();","\t\tif ( replyTo ) {","\t\t\tvar publishOptions = {","\t\t\t\t\ttype: replyType,","\t\t\t\t\tcontentType: contentType,","\t\t\t\t\tcontentEncoding: \"utf8\",","\t\t\t\t\tcorrelationId: raw.properties.messageId,","\t\t\t\t\ttimestamp: options && options.timestamp ? options.timestamp : Date.now(),","\t\t\t\t\treplyTo: replyQueue === false ? undefined : replyQueue,","\t\t\t\t\theaders: options && options.headers ? options.headers : {}","\t\t\t\t};","\t\t\tif ( options && options.more ) {","\t\t\t\tpublishOptions.headers.position = ( position++ );","\t\t\t} else {","\t\t\t\tpublishOptions.headers.sequence_end = true; // jshint ignore:line","\t\t\t}","\t\t\tlog.debug( \"Replying to message %s on '%s' - '%s' with type '%s'\",","\t\t\t\traw.properties.messageId,","\t\t\t\treplyTo,","\t\t\t\tconnectionName,","\t\t\t\tpublishOptions.type );","\t\t\tif ( raw.properties.headers && raw.properties.headers[ \"direct-reply-to\" ] ) {","\t\t\t\treturn channel.publish(","\t\t\t\t\t'',","\t\t\t\t\treplyTo,","\t\t\t\t\tpayload,","\t\t\t\t\tpublishOptions","\t\t\t\t);","\t\t\t} else {","\t\t\t\treturn channel.sendToQueue( replyTo, payload, publishOptions );","\t\t\t}","\t\t} else {","\t\t\treturn when.reject( new Error( \"Cannot reply to a message that has no return address\" ) );","\t\t}","\t};","}","","function getResolutionOperations( channel, raw, messages, options ) {","\tif ( options.noBatch ) {","\t\treturn getNoBatchOps( channel, raw, messages, options.noAck );","\t}","","\tif ( options.noAck || options.noBatch ) {","\t\treturn getUntrackedOps( channel, raw, messages );","\t}","","\treturn getTrackedOps( raw, messages );","}","","function getTrackedOps( raw, messages ) {","\treturn messages.getMessageOps( raw.fields.deliveryTag );","}","","function getUntrackedOps( channel, raw, messages ) {","\tmessages.receivedCount += 1;","\treturn {","\t\tack: noOp,","\t\tnack: function() {","\t\t\tlog.error( \"Tag %d on '%s' - '%s' cannot be nacked in noAck mode - message will be lost!\", raw.fields.deliveryTag, messages.name, messages.connectionName );","\t\t},","\t\treject: function() {","\t\t\tlog.error( \"Tag %d on '%s' - '%s' cannot be rejected in noAck mode - message will be lost!\", raw.fields.deliveryTag, messages.name, messages.connectionName );","\t\t}","\t};","}","","function release( channel, options, messages, released ) {","\tfunction onUnsubscribed() {","\t\treturn when.promise( function( resolve ) {","\t\t\tif ( messages.messages.length && !released ) {","\t\t\t\tmessages.once( \"empty\", function() {","\t\t\t\t\tfinalize( channel, messages );","\t\t\t\t\tresolve();","\t\t\t\t} );","\t\t\t} else {","        finalize( channel, messages );","\t\t\t\tresolve();","\t\t\t}","\t\t}.bind( this ) );","\t}","\treturn unsubscribe( channel, options )","\t\t.then( onUnsubscribed, onUnsubscribed );","}","","function resolveTags( channel, queue, connection ) {","\treturn function( op, data ) {","\t\tswitch (op) {","\t\t\tcase \"ack\":","\t\t\t\tlog.debug( \"Acking tag %d on '%s' - '%s'\", data.tag, queue, connection );","\t\t\t\treturn channel.ack( { fields: { deliveryTag: data.tag } }, data.inclusive );","\t\t\tcase \"nack\":","\t\t\t\tlog.debug( \"Nacking tag %d on '%s' - '%s'\", data.tag, queue, connection );","\t\t\t\treturn channel.nack( { fields: { deliveryTag: data.tag } }, data.inclusive );","\t\t\tcase \"reject\":","\t\t\t\tlog.debug( \"Rejecting tag %d on '%s' - '%s'\", data.tag, queue, connection );","\t\t\t\treturn channel.nack( { fields: { deliveryTag: data.tag } }, data.inclusive, false );","\t\t\tdefault:","\t\t\t\treturn when( true );","\t\t}","\t};","}","","function subscribe( channelName, channel, topology, serializers, messages, options, exclusive ) {","\tvar shouldAck = !options.noAck;","\tvar shouldBatch = !options.noBatch;","\tvar shouldCacheKeys = !options.noCacheKeys","  // this is done to support rabbit-assigned queue names","  channelName = channelName || options.name","\tif ( shouldAck && shouldBatch ) {","\t\tmessages.listenForSignal();","\t}","","\toptions.consumerTag = info.createTag( channelName );","\tif( _.keys( channel.item.consumers ).length > 0 ) {","\t\tlog.info( \"Duplicate subscription to queue %s ignored\", channelName );","\t\treturn when( options.consumerTag );","\t}","\tlog.info( \"Starting subscription to queue '%s' on '%s'\", channelName, topology.connection.name );","  return channel.consume( channelName, function( raw ) {","\t\tif( !raw ) {","\t\t\t// this happens when the consumer has been cancelled","\t\t\tlog.warn( \"Queue '%s' was sent a consumer cancel notification\" );","\t\t\tthrow new Error( \"Broker cancelled the consumer remotely\" );","\t\t}","\t\tvar correlationId = raw.properties.correlationId;","\t\tvar ops = getResolutionOperations( channel, raw, messages, options );","","\t\traw.ack = ops.ack;","\t\traw.nack = ops.nack;","\t\traw.reject = ops.reject;","\t\traw.reply = getReply( channel, serializers, raw, topology.replyQueue.name, topology.connection.name );","\t\traw.type = _.isEmpty( raw.properties.type ) ? raw.fields.routingKey : raw.properties.type;","\t\tif( exclusive ) {","\t\t\toptions.exclusive = true;","\t\t}","\t\traw.queue = channelName;","\t\tvar parts = [ channelName.replace( /[.]/g, \"-\" ) ];","\t\tif( raw.type ) {","\t\t\tparts.push( raw.type );","\t\t}","\t\tvar topic = parts.join( \".\" );","\t\tvar contentType = raw.properties.contentType || \"application/octet-stream\";","\t\tvar serializer = serializers[ contentType ];","\t\tif( !serializer ) {","\t\t\tlog.error( \"Could not deserialize message id %s on queue '%s', connection '%s' - no serializer defined\",","\t\t\t\traw.properties.messageId, channelName, topology.connection.name );","\t\t\tops.nack();","\t\t} else {","\t\t\ttry {","\t\t\t\traw.body = serializer.deserialize( raw.content, raw.properties.contentEncoding );","\t\t\t} catch( err ) {","\t\t\t\tops.nack();","\t\t\t}","\t\t}","","\t\tvar onPublish = function( data ) {","\t\t\tvar handled;","","\t\t\tif ( data.activated ) {","\t\t\t\thandled = true;","\t\t\t}","\t\t\tif ( shouldAck && shouldBatch ) {","\t\t\t\tmessages.addMessage( ops.message );","\t\t\t}","","\t\t\tif ( !handled ) {","\t\t\t\tunhandledLog.warn( \"Message of %s on queue '%s', connection '%s' was not processed by any registered handlers\",","\t\t\t\t\traw.type,","\t\t\t\t\tchannelName,","\t\t\t\t\ttopology.connection.name","\t\t\t\t);","\t\t\t\ttopology.onUnhandled( raw );","\t\t\t}","\t\t};","","\t\tif ( raw.fields.routingKey === topology.replyQueue.name ) {","\t\t\tresponses.publish(","\t\t\t\t{","\t\t\t\t\ttopic: correlationId,","\t\t\t\t\theaders: {","\t\t\t\t\t\tresolverNoCache: true","\t\t\t\t\t},","\t\t\t\t\tdata: raw","\t\t\t\t},","\t\t\t\tonPublish","\t\t\t);","\t\t} else {","\t\t\tdispatch.publish( {","\t\t\t\ttopic: topic,","\t\t\t\theaders: {","\t\t\t\t\tresolverNoCache: !shouldCacheKeys","\t\t\t\t},","\t\t\t\tdata: raw","\t\t\t}, onPublish );","\t\t}","\t}, options )","\t\t.then( function( result ) {","\t\t\tchannel.tag = result.consumerTag;","\t\t\treturn result;","\t\t}, function( err ) {","      log.error( \"Error on channel consume\", options );","      throw err;","    } );","}","","function unsubscribe( channel, options ) {","\tif ( channel.tag ) {","\t\tlog.info( \"Unsubscribing from queue '%s' with tag %s\", options.name, channel.tag );","\t\treturn channel.cancel( channel.tag );","\t} else {","\t\treturn when.resolve();","\t}","}","","module.exports = function( options, topology, serializers ) {","  var channelName = [ \"queue\", options.uniqueName ].join( \":\" );","\treturn topology.connection.getChannel( channelName, false, \"queue channel for \" + options.name )","\t\t.then( function( channel ) {","\t\t\tvar messages = new AckBatch( options.name, topology.connection.name, resolveTags( channel, options.name, topology.connection.name ) );","\t\t\tvar subscriber = subscribe.bind( undefined, options.uniqueName, channel, topology, serializers, messages, options );","","\t\t\treturn {","\t\t\t\tchannel: channel,","\t\t\t\tmessages: messages,","\t\t\t\tdefine: define.bind( undefined, channel, options, subscriber, topology.connection.name ),","\t\t\t\tfinalize: finalize.bind( undefined, channel, messages ),","\t\t\t\tgetMessageCount: getCount.bind( undefined, messages ),","\t\t\t\trelease: release.bind( undefined, channel, options, messages ),","\t\t\t\tsubscribe: subscriber,","\t\t\t\tunsubscribe: unsubscribe.bind( undefined, channel, options, messages )","\t\t\t};","\t\t} );","};",""],"l":{"1":1,"2":1,"3":1,"4":1,"5":1,"6":1,"7":1,"8":1,"9":1,"10":1,"11":1,"12":1,"32":1,"33":0,"34":0,"35":0,"37":0,"40":1,"41":0,"48":0,"50":0,"52":0,"53":0,"55":0,"59":1,"60":0,"61":0,"62":0,"63":0,"66":1,"67":0,"68":0,"70":0,"71":0,"72":0,"73":0,"75":0,"79":1,"80":0,"81":0,"83":0,"87":1,"88":0,"90":0,"91":0,"92":0,"93":0,"94":0,"96":0,"97":0,"100":0,"101":0,"102":0,"104":0,"105":0,"106":0,"108":0,"109":0,"110":0,"114":0,"121":1,"122":0,"123":0,"124":0,"125":0,"126":0,"127":0,"128":0,"129":0,"130":0,"131":0,"133":0,"135":0,"136":0,"137":0,"138":0,"147":0,"148":0,"150":0,"152":0,"157":0,"158":0,"165":0,"168":0,"173":1,"174":0,"175":0,"178":0,"179":0,"182":0,"185":1,"186":0,"189":1,"190":0,"191":0,"194":0,"197":0,"202":1,"203":1,"204":0,"205":0,"206":0,"207":0,"208":0,"211":0,"212":0,"216":0,"220":1,"221":0,"222":0,"224":0,"225":0,"227":0,"228":0,"230":0,"231":0,"233":0,"238":1,"239":0,"240":0,"241":0,"243":0,"244":0,"245":0,"248":0,"249":0,"250":0,"251":0,"253":0,"254":0,"255":0,"257":0,"258":0,"260":0,"261":0,"263":0,"264":0,"265":0,"266":0,"267":0,"268":0,"269":0,"271":0,"272":0,"273":0,"274":0,"276":0,"277":0,"278":0,"279":0,"280":0,"282":0,"284":0,"285":0,"287":0,"291":0,"292":0,"294":0,"295":0,"297":0,"298":0,"301":0,"302":0,"307":0,"311":0,"312":0,"323":0,"333":0,"334":0,"336":0,"337":0,"341":1,"342":0,"343":0,"344":0,"346":0,"350":1,"351":0,"352":0,"354":0,"355":0,"357":0}}}